PC: 00000000	SP: 0000270f	A: 00000000	B: 00000000	ldc 4096

PC: 00000001	SP: 0000270f	A: 00001000	B: 00000000	a2sp 0

PC: 00000002	SP: 00001000	A: 00000000	B: 00000000	adj -1

PC: 00000003	SP: 00000fff	A: 00000000	B: 00000000	ldc 10

PC: 00000004	SP: 00000fff	A: 0000000a	B: 00000000	stl 0

PC: 00000005	SP: 00000fff	A: 00000000	B: 00000000	ldc 65

PC: 00000006	SP: 00000fff	A: 00000041	B: 00000000	call 1

PC: 00000008	SP: 00000fff	A: 00000006	B: 00000041	adj -1

PC: 00000009	SP: 00000ffe	A: 00000006	B: 00000041	stl 0

PC: 0000000a	SP: 00000ffe	A: 00000041	B: 00000041	stl 2

PC: 0000000b	SP: 00000ffe	A: 00000041	B: 00000041	adj -3

PC: 0000000c	SP: 00000ffb	A: 00000041	B: 00000041	ldc 0

PC: 0000000d	SP: 00000ffb	A: 00000000	B: 00000041	stl 0

PC: 0000000e	SP: 00000ffb	A: 00000041	B: 00000041	ldc 1

PC: 0000000f	SP: 00000ffb	A: 00000001	B: 00000041	stl 1

PC: 00000010	SP: 00000ffb	A: 00000041	B: 00000041	ldc 0

PC: 00000011	SP: 00000ffb	A: 00000000	B: 00000041	stl 2

PC: 00000012	SP: 00000ffb	A: 00000041	B: 00000041	ldl 4

PC: 00000013	SP: 00000ffb	A: 0000000a	B: 00000041	ldl 2

PC: 00000014	SP: 00000ffb	A: 00000000	B: 0000000a	sub 0

PC: 00000015	SP: 00000ffb	A: 0000000a	B: 0000000a	ldc 1

PC: 00000016	SP: 00000ffb	A: 00000001	B: 0000000a	sub 0

PC: 00000017	SP: 00000ffb	A: 00000009	B: 0000000a	brz 38

PC: 00000018	SP: 00000ffb	A: 00000009	B: 0000000a	ldc 1

PC: 00000019	SP: 00000ffb	A: 00000001	B: 00000009	stl 1

PC: 0000001a	SP: 00000ffb	A: 00000009	B: 00000009	ldl 4

PC: 0000001b	SP: 00000ffb	A: 0000000a	B: 00000009	ldl 2

PC: 0000001c	SP: 00000ffb	A: 00000000	B: 0000000a	sub 0

PC: 0000001d	SP: 00000ffb	A: 0000000a	B: 0000000a	ldl 1

PC: 0000001e	SP: 00000ffb	A: 00000001	B: 0000000a	sub 0

PC: 0000001f	SP: 00000ffb	A: 00000009	B: 0000000a	brz 22

PC: 00000020	SP: 00000ffb	A: 00000009	B: 0000000a	ldl 5

PC: 00000021	SP: 00000ffb	A: 00000041	B: 00000009	ldnl 0

PC: 00000022	SP: 00000ffb	A: ffadbeef	B: 00000009	ldc 0

PC: 00000023	SP: 00000ffb	A: 00000000	B: ffadbeef	ldnl 1

PC: 00000024	SP: 00000ffb	A: 0000000b	B: ffadbeef	sub 0

PC: 00000025	SP: 00000ffb	A: ffadbee4	B: ffadbeef	brlz 1

PC: 00000027	SP: 00000ffb	A: ffadbee4	B: ffadbeef	ldl 5

PC: 00000028	SP: 00000ffb	A: 00000041	B: ffadbee4	ldnl 0

PC: 00000029	SP: 00000ffb	A: ffadbeef	B: ffadbee4	stl 0

PC: 0000002a	SP: 00000ffb	A: ffadbee4	B: ffadbee4	ldl 5

PC: 0000002b	SP: 00000ffb	A: 00000041	B: ffadbee4	ldnl 1

PC: 0000002c	SP: 00000ffb	A: ffedbed5	B: ffadbee4	ldl 5

PC: 0000002d	SP: 00000ffb	A: 00000041	B: ffedbed5	stnl 0

PC: 0000002e	SP: 00000ffb	A: 00000041	B: ffedbed5	ldl 0

PC: 0000002f	SP: 00000ffb	A: ffadbeef	B: 00000041	ldl 5

PC: 00000030	SP: 00000ffb	A: 00000041	B: ffadbeef	stnl 1

PC: 00000031	SP: 00000ffb	A: 00000041	B: ffadbeef	ldc 1

PC: 00000032	SP: 00000ffb	A: 00000001	B: 00000041	ldl 1

PC: 00000033	SP: 00000ffb	A: 00000001	B: 00000001	add 0

PC: 00000034	SP: 00000ffb	A: 00000002	B: 00000001	stl 1

PC: 00000035	SP: 00000ffb	A: 00000001	B: 00000001	br -28

PC: 0000001a	SP: 00000ffb	A: 00000001	B: 00000001	ldl 4

PC: 0000001b	SP: 00000ffb	A: 0000000a	B: 00000001	ldl 2

PC: 0000001c	SP: 00000ffb	A: 00000000	B: 0000000a	sub 0

PC: 0000001d	SP: 00000ffb	A: 0000000a	B: 0000000a	ldl 1

PC: 0000001e	SP: 00000ffb	A: 00000002	B: 0000000a	sub 0

PC: 0000001f	SP: 00000ffb	A: 00000008	B: 0000000a	brz 22

PC: 00000020	SP: 00000ffb	A: 00000008	B: 0000000a	ldl 5

PC: 00000021	SP: 00000ffb	A: 00000041	B: 00000008	ldnl 0

PC: 00000022	SP: 00000ffb	A: ffedbed5	B: 00000008	ldc 0

PC: 00000023	SP: 00000ffb	A: 00000000	B: ffedbed5	ldnl 1

PC: 00000024	SP: 00000ffb	A: 0000000b	B: ffedbed5	sub 0

PC: 00000025	SP: 00000ffb	A: ffedbeca	B: ffedbed5	brlz 1

PC: 00000027	SP: 00000ffb	A: ffedbeca	B: ffedbed5	ldl 5

PC: 00000028	SP: 00000ffb	A: 00000041	B: ffedbeca	ldnl 0

PC: 00000029	SP: 00000ffb	A: ffedbed5	B: ffedbeca	stl 0

PC: 0000002a	SP: 00000ffb	A: ffedbeca	B: ffedbeca	ldl 5

PC: 0000002b	SP: 00000ffb	A: 00000041	B: ffedbeca	ldnl 1

PC: 0000002c	SP: 00000ffb	A: ffadbeef	B: ffedbeca	ldl 5

PC: 0000002d	SP: 00000ffb	A: 00000041	B: ffadbeef	stnl 0

PC: 0000002e	SP: 00000ffb	A: 00000041	B: ffadbeef	ldl 0

PC: 0000002f	SP: 00000ffb	A: ffedbed5	B: 00000041	ldl 5

PC: 00000030	SP: 00000ffb	A: 00000041	B: ffedbed5	stnl 1

PC: 00000031	SP: 00000ffb	A: 00000041	B: ffedbed5	ldc 1

PC: 00000032	SP: 00000ffb	A: 00000001	B: 00000041	ldl 1

PC: 00000033	SP: 00000ffb	A: 00000002	B: 00000001	add 0

PC: 00000034	SP: 00000ffb	A: 00000003	B: 00000001	stl 1

PC: 00000035	SP: 00000ffb	A: 00000001	B: 00000001	br -28

PC: 0000001a	SP: 00000ffb	A: 00000001	B: 00000001	ldl 4

PC: 0000001b	SP: 00000ffb	A: 0000000a	B: 00000001	ldl 2

PC: 0000001c	SP: 00000ffb	A: 00000000	B: 0000000a	sub 0

PC: 0000001d	SP: 00000ffb	A: 0000000a	B: 0000000a	ldl 1

PC: 0000001e	SP: 00000ffb	A: 00000003	B: 0000000a	sub 0

PC: 0000001f	SP: 00000ffb	A: 00000007	B: 0000000a	brz 22

PC: 00000020	SP: 00000ffb	A: 00000007	B: 0000000a	ldl 5

PC: 00000021	SP: 00000ffb	A: 00000041	B: 00000007	ldnl 0

PC: 00000022	SP: 00000ffb	A: ffadbeef	B: 00000007	ldc 0

PC: 00000023	SP: 00000ffb	A: 00000000	B: ffadbeef	ldnl 1

PC: 00000024	SP: 00000ffb	A: 0000000b	B: ffadbeef	sub 0

PC: 00000025	SP: 00000ffb	A: ffadbee4	B: ffadbeef	brlz 1

PC: 00000027	SP: 00000ffb	A: ffadbee4	B: ffadbeef	ldl 5

PC: 00000028	SP: 00000ffb	A: 00000041	B: ffadbee4	ldnl 0

PC: 00000029	SP: 00000ffb	A: ffadbeef	B: ffadbee4	stl 0

PC: 0000002a	SP: 00000ffb	A: ffadbee4	B: ffadbee4	ldl 5

PC: 0000002b	SP: 00000ffb	A: 00000041	B: ffadbee4	ldnl 1

PC: 0000002c	SP: 00000ffb	A: ffedbed5	B: ffadbee4	ldl 5

PC: 0000002d	SP: 00000ffb	A: 00000041	B: ffedbed5	stnl 0

PC: 0000002e	SP: 00000ffb	A: 00000041	B: ffedbed5	ldl 0

PC: 0000002f	SP: 00000ffb	A: ffadbeef	B: 00000041	ldl 5

PC: 00000030	SP: 00000ffb	A: 00000041	B: ffadbeef	stnl 1

PC: 00000031	SP: 00000ffb	A: 00000041	B: ffadbeef	ldc 1

PC: 00000032	SP: 00000ffb	A: 00000001	B: 00000041	ldl 1

PC: 00000033	SP: 00000ffb	A: 00000003	B: 00000001	add 0

PC: 00000034	SP: 00000ffb	A: 00000004	B: 00000001	stl 1

PC: 00000035	SP: 00000ffb	A: 00000001	B: 00000001	br -28

PC: 0000001a	SP: 00000ffb	A: 00000001	B: 00000001	ldl 4

PC: 0000001b	SP: 00000ffb	A: 0000000a	B: 00000001	ldl 2

PC: 0000001c	SP: 00000ffb	A: 00000000	B: 0000000a	sub 0

PC: 0000001d	SP: 00000ffb	A: 0000000a	B: 0000000a	ldl 1

PC: 0000001e	SP: 00000ffb	A: 00000004	B: 0000000a	sub 0

PC: 0000001f	SP: 00000ffb	A: 00000006	B: 0000000a	brz 22

PC: 00000020	SP: 00000ffb	A: 00000006	B: 0000000a	ldl 5

PC: 00000021	SP: 00000ffb	A: 00000041	B: 00000006	ldnl 0

PC: 00000022	SP: 00000ffb	A: ffedbed5	B: 00000006	ldc 0

PC: 00000023	SP: 00000ffb	A: 00000000	B: ffedbed5	ldnl 1

PC: 00000024	SP: 00000ffb	A: 0000000b	B: ffedbed5	sub 0

PC: 00000025	SP: 00000ffb	A: ffedbeca	B: ffedbed5	brlz 1

PC: 00000027	SP: 00000ffb	A: ffedbeca	B: ffedbed5	ldl 5

PC: 00000028	SP: 00000ffb	A: 00000041	B: ffedbeca	ldnl 0

PC: 00000029	SP: 00000ffb	A: ffedbed5	B: ffedbeca	stl 0

PC: 0000002a	SP: 00000ffb	A: ffedbeca	B: ffedbeca	ldl 5

PC: 0000002b	SP: 00000ffb	A: 00000041	B: ffedbeca	ldnl 1

PC: 0000002c	SP: 00000ffb	A: ffadbeef	B: ffedbeca	ldl 5

PC: 0000002d	SP: 00000ffb	A: 00000041	B: ffadbeef	stnl 0

PC: 0000002e	SP: 00000ffb	A: 00000041	B: ffadbeef	ldl 0

PC: 0000002f	SP: 00000ffb	A: ffedbed5	B: 00000041	ldl 5

PC: 00000030	SP: 00000ffb	A: 00000041	B: ffedbed5	stnl 1

PC: 00000031	SP: 00000ffb	A: 00000041	B: ffedbed5	ldc 1

PC: 00000032	SP: 00000ffb	A: 00000001	B: 00000041	ldl 1

PC: 00000033	SP: 00000ffb	A: 00000004	B: 00000001	add 0

PC: 00000034	SP: 00000ffb	A: 00000005	B: 00000001	stl 1

PC: 00000035	SP: 00000ffb	A: 00000001	B: 00000001	br -28

PC: 0000001a	SP: 00000ffb	A: 00000001	B: 00000001	ldl 4

PC: 0000001b	SP: 00000ffb	A: 0000000a	B: 00000001	ldl 2

PC: 0000001c	SP: 00000ffb	A: 00000000	B: 0000000a	sub 0

PC: 0000001d	SP: 00000ffb	A: 0000000a	B: 0000000a	ldl 1

PC: 0000001e	SP: 00000ffb	A: 00000005	B: 0000000a	sub 0

PC: 0000001f	SP: 00000ffb	A: 00000005	B: 0000000a	brz 22

PC: 00000020	SP: 00000ffb	A: 00000005	B: 0000000a	ldl 5

PC: 00000021	SP: 00000ffb	A: 00000041	B: 00000005	ldnl 0

PC: 00000022	SP: 00000ffb	A: ffadbeef	B: 00000005	ldc 0

PC: 00000023	SP: 00000ffb	A: 00000000	B: ffadbeef	ldnl 1

PC: 00000024	SP: 00000ffb	A: 0000000b	B: ffadbeef	sub 0

PC: 00000025	SP: 00000ffb	A: ffadbee4	B: ffadbeef	brlz 1

PC: 00000027	SP: 00000ffb	A: ffadbee4	B: ffadbeef	ldl 5

PC: 00000028	SP: 00000ffb	A: 00000041	B: ffadbee4	ldnl 0

PC: 00000029	SP: 00000ffb	A: ffadbeef	B: ffadbee4	stl 0

PC: 0000002a	SP: 00000ffb	A: ffadbee4	B: ffadbee4	ldl 5

PC: 0000002b	SP: 00000ffb	A: 00000041	B: ffadbee4	ldnl 1

PC: 0000002c	SP: 00000ffb	A: ffedbed5	B: ffadbee4	ldl 5

PC: 0000002d	SP: 00000ffb	A: 00000041	B: ffedbed5	stnl 0

PC: 0000002e	SP: 00000ffb	A: 00000041	B: ffedbed5	ldl 0

PC: 0000002f	SP: 00000ffb	A: ffadbeef	B: 00000041	ldl 5

PC: 00000030	SP: 00000ffb	A: 00000041	B: ffadbeef	stnl 1

PC: 00000031	SP: 00000ffb	A: 00000041	B: ffadbeef	ldc 1

PC: 00000032	SP: 00000ffb	A: 00000001	B: 00000041	ldl 1

PC: 00000033	SP: 00000ffb	A: 00000005	B: 00000001	add 0

PC: 00000034	SP: 00000ffb	A: 00000006	B: 00000001	stl 1

PC: 00000035	SP: 00000ffb	A: 00000001	B: 00000001	br -28

PC: 0000001a	SP: 00000ffb	A: 00000001	B: 00000001	ldl 4

PC: 0000001b	SP: 00000ffb	A: 0000000a	B: 00000001	ldl 2

PC: 0000001c	SP: 00000ffb	A: 00000000	B: 0000000a	sub 0

PC: 0000001d	SP: 00000ffb	A: 0000000a	B: 0000000a	ldl 1

PC: 0000001e	SP: 00000ffb	A: 00000006	B: 0000000a	sub 0

PC: 0000001f	SP: 00000ffb	A: 00000004	B: 0000000a	brz 22

PC: 00000020	SP: 00000ffb	A: 00000004	B: 0000000a	ldl 5

PC: 00000021	SP: 00000ffb	A: 00000041	B: 00000004	ldnl 0

PC: 00000022	SP: 00000ffb	A: ffedbed5	B: 00000004	ldc 0

PC: 00000023	SP: 00000ffb	A: 00000000	B: ffedbed5	ldnl 1

PC: 00000024	SP: 00000ffb	A: 0000000b	B: ffedbed5	sub 0

PC: 00000025	SP: 00000ffb	A: ffedbeca	B: ffedbed5	brlz 1

PC: 00000027	SP: 00000ffb	A: ffedbeca	B: ffedbed5	ldl 5

PC: 00000028	SP: 00000ffb	A: 00000041	B: ffedbeca	ldnl 0

PC: 00000029	SP: 00000ffb	A: ffedbed5	B: ffedbeca	stl 0

PC: 0000002a	SP: 00000ffb	A: ffedbeca	B: ffedbeca	ldl 5

PC: 0000002b	SP: 00000ffb	A: 00000041	B: ffedbeca	ldnl 1

PC: 0000002c	SP: 00000ffb	A: ffadbeef	B: ffedbeca	ldl 5

PC: 0000002d	SP: 00000ffb	A: 00000041	B: ffadbeef	stnl 0

PC: 0000002e	SP: 00000ffb	A: 00000041	B: ffadbeef	ldl 0

PC: 0000002f	SP: 00000ffb	A: ffedbed5	B: 00000041	ldl 5

PC: 00000030	SP: 00000ffb	A: 00000041	B: ffedbed5	stnl 1

PC: 00000031	SP: 00000ffb	A: 00000041	B: ffedbed5	ldc 1

PC: 00000032	SP: 00000ffb	A: 00000001	B: 00000041	ldl 1

PC: 00000033	SP: 00000ffb	A: 00000006	B: 00000001	add 0

PC: 00000034	SP: 00000ffb	A: 00000007	B: 00000001	stl 1

PC: 00000035	SP: 00000ffb	A: 00000001	B: 00000001	br -28

PC: 0000001a	SP: 00000ffb	A: 00000001	B: 00000001	ldl 4

PC: 0000001b	SP: 00000ffb	A: 0000000a	B: 00000001	ldl 2

PC: 0000001c	SP: 00000ffb	A: 00000000	B: 0000000a	sub 0

PC: 0000001d	SP: 00000ffb	A: 0000000a	B: 0000000a	ldl 1

PC: 0000001e	SP: 00000ffb	A: 00000007	B: 0000000a	sub 0

PC: 0000001f	SP: 00000ffb	A: 00000003	B: 0000000a	brz 22

PC: 00000020	SP: 00000ffb	A: 00000003	B: 0000000a	ldl 5

PC: 00000021	SP: 00000ffb	A: 00000041	B: 00000003	ldnl 0

PC: 00000022	SP: 00000ffb	A: ffadbeef	B: 00000003	ldc 0

PC: 00000023	SP: 00000ffb	A: 00000000	B: ffadbeef	ldnl 1

PC: 00000024	SP: 00000ffb	A: 0000000b	B: ffadbeef	sub 0

PC: 00000025	SP: 00000ffb	A: ffadbee4	B: ffadbeef	brlz 1

PC: 00000027	SP: 00000ffb	A: ffadbee4	B: ffadbeef	ldl 5

PC: 00000028	SP: 00000ffb	A: 00000041	B: ffadbee4	ldnl 0

PC: 00000029	SP: 00000ffb	A: ffadbeef	B: ffadbee4	stl 0

PC: 0000002a	SP: 00000ffb	A: ffadbee4	B: ffadbee4	ldl 5

PC: 0000002b	SP: 00000ffb	A: 00000041	B: ffadbee4	ldnl 1

PC: 0000002c	SP: 00000ffb	A: ffedbed5	B: ffadbee4	ldl 5

PC: 0000002d	SP: 00000ffb	A: 00000041	B: ffedbed5	stnl 0

PC: 0000002e	SP: 00000ffb	A: 00000041	B: ffedbed5	ldl 0

PC: 0000002f	SP: 00000ffb	A: ffadbeef	B: 00000041	ldl 5

PC: 00000030	SP: 00000ffb	A: 00000041	B: ffadbeef	stnl 1

PC: 00000031	SP: 00000ffb	A: 00000041	B: ffadbeef	ldc 1

PC: 00000032	SP: 00000ffb	A: 00000001	B: 00000041	ldl 1

PC: 00000033	SP: 00000ffb	A: 00000007	B: 00000001	add 0

PC: 00000034	SP: 00000ffb	A: 00000008	B: 00000001	stl 1

PC: 00000035	SP: 00000ffb	A: 00000001	B: 00000001	br -28

PC: 0000001a	SP: 00000ffb	A: 00000001	B: 00000001	ldl 4

PC: 0000001b	SP: 00000ffb	A: 0000000a	B: 00000001	ldl 2

PC: 0000001c	SP: 00000ffb	A: 00000000	B: 0000000a	sub 0

PC: 0000001d	SP: 00000ffb	A: 0000000a	B: 0000000a	ldl 1

PC: 0000001e	SP: 00000ffb	A: 00000008	B: 0000000a	sub 0

PC: 0000001f	SP: 00000ffb	A: 00000002	B: 0000000a	brz 22

PC: 00000020	SP: 00000ffb	A: 00000002	B: 0000000a	ldl 5

PC: 00000021	SP: 00000ffb	A: 00000041	B: 00000002	ldnl 0

PC: 00000022	SP: 00000ffb	A: ffedbed5	B: 00000002	ldc 0

PC: 00000023	SP: 00000ffb	A: 00000000	B: ffedbed5	ldnl 1

PC: 00000024	SP: 00000ffb	A: 0000000b	B: ffedbed5	sub 0

PC: 00000025	SP: 00000ffb	A: ffedbeca	B: ffedbed5	brlz 1

PC: 00000027	SP: 00000ffb	A: ffedbeca	B: ffedbed5	ldl 5

PC: 00000028	SP: 00000ffb	A: 00000041	B: ffedbeca	ldnl 0

PC: 00000029	SP: 00000ffb	A: ffedbed5	B: ffedbeca	stl 0

PC: 0000002a	SP: 00000ffb	A: ffedbeca	B: ffedbeca	ldl 5

PC: 0000002b	SP: 00000ffb	A: 00000041	B: ffedbeca	ldnl 1

PC: 0000002c	SP: 00000ffb	A: ffadbeef	B: ffedbeca	ldl 5

PC: 0000002d	SP: 00000ffb	A: 00000041	B: ffadbeef	stnl 0

PC: 0000002e	SP: 00000ffb	A: 00000041	B: ffadbeef	ldl 0

PC: 0000002f	SP: 00000ffb	A: ffedbed5	B: 00000041	ldl 5

PC: 00000030	SP: 00000ffb	A: 00000041	B: ffedbed5	stnl 1

PC: 00000031	SP: 00000ffb	A: 00000041	B: ffedbed5	ldc 1

PC: 00000032	SP: 00000ffb	A: 00000001	B: 00000041	ldl 1

PC: 00000033	SP: 00000ffb	A: 00000008	B: 00000001	add 0

PC: 00000034	SP: 00000ffb	A: 00000009	B: 00000001	stl 1

PC: 00000035	SP: 00000ffb	A: 00000001	B: 00000001	br -28

PC: 0000001a	SP: 00000ffb	A: 00000001	B: 00000001	ldl 4

PC: 0000001b	SP: 00000ffb	A: 0000000a	B: 00000001	ldl 2

PC: 0000001c	SP: 00000ffb	A: 00000000	B: 0000000a	sub 0

PC: 0000001d	SP: 00000ffb	A: 0000000a	B: 0000000a	ldl 1

PC: 0000001e	SP: 00000ffb	A: 00000009	B: 0000000a	sub 0

PC: 0000001f	SP: 00000ffb	A: 00000001	B: 0000000a	brz 22

PC: 00000020	SP: 00000ffb	A: 00000001	B: 0000000a	ldl 5

PC: 00000021	SP: 00000ffb	A: 00000041	B: 00000001	ldnl 0

PC: 00000022	SP: 00000ffb	A: ffadbeef	B: 00000001	ldc 0

PC: 00000023	SP: 00000ffb	A: 00000000	B: ffadbeef	ldnl 1

PC: 00000024	SP: 00000ffb	A: 0000000b	B: ffadbeef	sub 0

PC: 00000025	SP: 00000ffb	A: ffadbee4	B: ffadbeef	brlz 1

PC: 00000027	SP: 00000ffb	A: ffadbee4	B: ffadbeef	ldl 5

PC: 00000028	SP: 00000ffb	A: 00000041	B: ffadbee4	ldnl 0

PC: 00000029	SP: 00000ffb	A: ffadbeef	B: ffadbee4	stl 0

PC: 0000002a	SP: 00000ffb	A: ffadbee4	B: ffadbee4	ldl 5

PC: 0000002b	SP: 00000ffb	A: 00000041	B: ffadbee4	ldnl 1

PC: 0000002c	SP: 00000ffb	A: ffedbed5	B: ffadbee4	ldl 5

PC: 0000002d	SP: 00000ffb	A: 00000041	B: ffedbed5	stnl 0

PC: 0000002e	SP: 00000ffb	A: 00000041	B: ffedbed5	ldl 0

PC: 0000002f	SP: 00000ffb	A: ffadbeef	B: 00000041	ldl 5

PC: 00000030	SP: 00000ffb	A: 00000041	B: ffadbeef	stnl 1

PC: 00000031	SP: 00000ffb	A: 00000041	B: ffadbeef	ldc 1

PC: 00000032	SP: 00000ffb	A: 00000001	B: 00000041	ldl 1

PC: 00000033	SP: 00000ffb	A: 00000009	B: 00000001	add 0

PC: 00000034	SP: 00000ffb	A: 0000000a	B: 00000001	stl 1

PC: 00000035	SP: 00000ffb	A: 00000001	B: 00000001	br -28

PC: 0000001a	SP: 00000ffb	A: 00000001	B: 00000001	ldl 4

PC: 0000001b	SP: 00000ffb	A: 0000000a	B: 00000001	ldl 2

PC: 0000001c	SP: 00000ffb	A: 00000000	B: 0000000a	sub 0

PC: 0000001d	SP: 00000ffb	A: 0000000a	B: 0000000a	ldl 1

PC: 0000001e	SP: 00000ffb	A: 0000000a	B: 0000000a	sub 0

PC: 0000001f	SP: 00000ffb	A: 00000000	B: 0000000a	brz 22

PC: 00000036	SP: 00000ffb	A: 00000000	B: 0000000a	ldc 1

PC: 00000037	SP: 00000ffb	A: 00000001	B: 00000000	ldl 2

PC: 00000038	SP: 00000ffb	A: 00000000	B: 00000001	add 0

PC: 00000039	SP: 00000ffb	A: 00000001	B: 00000001	stl 2

PC: 0000003a	SP: 00000ffb	A: 00000001	B: 00000001	ldc 1

PC: 0000003b	SP: 00000ffb	A: 00000001	B: 00000001	ldl 5

PC: 0000003c	SP: 00000ffb	A: 00000041	B: 00000001	add 0

PC: 0000003d	SP: 00000ffb	A: 00000042	B: 00000001	br -44

PC: 00000012	SP: 00000ffb	A: 00000042	B: 00000001	ldl 4

PC: 00000013	SP: 00000ffb	A: 0000000a	B: 00000042	ldl 2

PC: 00000014	SP: 00000ffb	A: 00000001	B: 0000000a	sub 0

PC: 00000015	SP: 00000ffb	A: 00000009	B: 0000000a	ldc 1

PC: 00000016	SP: 00000ffb	A: 00000001	B: 00000009	sub 0

PC: 00000017	SP: 00000ffb	A: 00000008	B: 00000009	brz 38

PC: 00000018	SP: 00000ffb	A: 00000008	B: 00000009	ldc 1

PC: 00000019	SP: 00000ffb	A: 00000001	B: 00000008	stl 1

PC: 0000001a	SP: 00000ffb	A: 00000008	B: 00000008	ldl 4

PC: 0000001b	SP: 00000ffb	A: 0000000a	B: 00000008	ldl 2

PC: 0000001c	SP: 00000ffb	A: 00000001	B: 0000000a	sub 0

PC: 0000001d	SP: 00000ffb	A: 00000009	B: 0000000a	ldl 1

PC: 0000001e	SP: 00000ffb	A: 00000001	B: 00000009	sub 0

PC: 0000001f	SP: 00000ffb	A: 00000008	B: 00000009	brz 22

PC: 00000020	SP: 00000ffb	A: 00000008	B: 00000009	ldl 5

PC: 00000021	SP: 00000ffb	A: 00000041	B: 00000008	ldnl 0

PC: 00000022	SP: 00000ffb	A: ffedbed5	B: 00000008	ldc 0

PC: 00000023	SP: 00000ffb	A: 00000000	B: ffedbed5	ldnl 1

PC: 00000024	SP: 00000ffb	A: 0000000b	B: ffedbed5	sub 0

PC: 00000025	SP: 00000ffb	A: ffedbeca	B: ffedbed5	brlz 1

PC: 00000027	SP: 00000ffb	A: ffedbeca	B: ffedbed5	ldl 5

PC: 00000028	SP: 00000ffb	A: 00000041	B: ffedbeca	ldnl 0

PC: 00000029	SP: 00000ffb	A: ffedbed5	B: ffedbeca	stl 0

PC: 0000002a	SP: 00000ffb	A: ffedbeca	B: ffedbeca	ldl 5

PC: 0000002b	SP: 00000ffb	A: 00000041	B: ffedbeca	ldnl 1

PC: 0000002c	SP: 00000ffb	A: ffadbeef	B: ffedbeca	ldl 5

PC: 0000002d	SP: 00000ffb	A: 00000041	B: ffadbeef	stnl 0

PC: 0000002e	SP: 00000ffb	A: 00000041	B: ffadbeef	ldl 0

PC: 0000002f	SP: 00000ffb	A: ffedbed5	B: 00000041	ldl 5

PC: 00000030	SP: 00000ffb	A: 00000041	B: ffedbed5	stnl 1

PC: 00000031	SP: 00000ffb	A: 00000041	B: ffedbed5	ldc 1

PC: 00000032	SP: 00000ffb	A: 00000001	B: 00000041	ldl 1

PC: 00000033	SP: 00000ffb	A: 00000001	B: 00000001	add 0

PC: 00000034	SP: 00000ffb	A: 00000002	B: 00000001	stl 1

PC: 00000035	SP: 00000ffb	A: 00000001	B: 00000001	br -28

PC: 0000001a	SP: 00000ffb	A: 00000001	B: 00000001	ldl 4

PC: 0000001b	SP: 00000ffb	A: 0000000a	B: 00000001	ldl 2

PC: 0000001c	SP: 00000ffb	A: 00000001	B: 0000000a	sub 0

PC: 0000001d	SP: 00000ffb	A: 00000009	B: 0000000a	ldl 1

PC: 0000001e	SP: 00000ffb	A: 00000002	B: 00000009	sub 0

PC: 0000001f	SP: 00000ffb	A: 00000007	B: 00000009	brz 22

PC: 00000020	SP: 00000ffb	A: 00000007	B: 00000009	ldl 5

PC: 00000021	SP: 00000ffb	A: 00000041	B: 00000007	ldnl 0

PC: 00000022	SP: 00000ffb	A: ffadbeef	B: 00000007	ldc 0

PC: 00000023	SP: 00000ffb	A: 00000000	B: ffadbeef	ldnl 1

PC: 00000024	SP: 00000ffb	A: 0000000b	B: ffadbeef	sub 0

PC: 00000025	SP: 00000ffb	A: ffadbee4	B: ffadbeef	brlz 1

PC: 00000027	SP: 00000ffb	A: ffadbee4	B: ffadbeef	ldl 5

PC: 00000028	SP: 00000ffb	A: 00000041	B: ffadbee4	ldnl 0

PC: 00000029	SP: 00000ffb	A: ffadbeef	B: ffadbee4	stl 0

PC: 0000002a	SP: 00000ffb	A: ffadbee4	B: ffadbee4	ldl 5

PC: 0000002b	SP: 00000ffb	A: 00000041	B: ffadbee4	ldnl 1

PC: 0000002c	SP: 00000ffb	A: ffedbed5	B: ffadbee4	ldl 5

PC: 0000002d	SP: 00000ffb	A: 00000041	B: ffedbed5	stnl 0

PC: 0000002e	SP: 00000ffb	A: 00000041	B: ffedbed5	ldl 0

PC: 0000002f	SP: 00000ffb	A: ffadbeef	B: 00000041	ldl 5

PC: 00000030	SP: 00000ffb	A: 00000041	B: ffadbeef	stnl 1

PC: 00000031	SP: 00000ffb	A: 00000041	B: ffadbeef	ldc 1

PC: 00000032	SP: 00000ffb	A: 00000001	B: 00000041	ldl 1

PC: 00000033	SP: 00000ffb	A: 00000002	B: 00000001	add 0

PC: 00000034	SP: 00000ffb	A: 00000003	B: 00000001	stl 1

PC: 00000035	SP: 00000ffb	A: 00000001	B: 00000001	br -28

PC: 0000001a	SP: 00000ffb	A: 00000001	B: 00000001	ldl 4

PC: 0000001b	SP: 00000ffb	A: 0000000a	B: 00000001	ldl 2

PC: 0000001c	SP: 00000ffb	A: 00000001	B: 0000000a	sub 0

PC: 0000001d	SP: 00000ffb	A: 00000009	B: 0000000a	ldl 1

PC: 0000001e	SP: 00000ffb	A: 00000003	B: 00000009	sub 0

PC: 0000001f	SP: 00000ffb	A: 00000006	B: 00000009	brz 22

PC: 00000020	SP: 00000ffb	A: 00000006	B: 00000009	ldl 5

PC: 00000021	SP: 00000ffb	A: 00000041	B: 00000006	ldnl 0

PC: 00000022	SP: 00000ffb	A: ffedbed5	B: 00000006	ldc 0

PC: 00000023	SP: 00000ffb	A: 00000000	B: ffedbed5	ldnl 1

PC: 00000024	SP: 00000ffb	A: 0000000b	B: ffedbed5	sub 0

PC: 00000025	SP: 00000ffb	A: ffedbeca	B: ffedbed5	brlz 1

PC: 00000027	SP: 00000ffb	A: ffedbeca	B: ffedbed5	ldl 5

PC: 00000028	SP: 00000ffb	A: 00000041	B: ffedbeca	ldnl 0

PC: 00000029	SP: 00000ffb	A: ffedbed5	B: ffedbeca	stl 0

PC: 0000002a	SP: 00000ffb	A: ffedbeca	B: ffedbeca	ldl 5

PC: 0000002b	SP: 00000ffb	A: 00000041	B: ffedbeca	ldnl 1

PC: 0000002c	SP: 00000ffb	A: ffadbeef	B: ffedbeca	ldl 5

PC: 0000002d	SP: 00000ffb	A: 00000041	B: ffadbeef	stnl 0

PC: 0000002e	SP: 00000ffb	A: 00000041	B: ffadbeef	ldl 0

PC: 0000002f	SP: 00000ffb	A: ffedbed5	B: 00000041	ldl 5

PC: 00000030	SP: 00000ffb	A: 00000041	B: ffedbed5	stnl 1

PC: 00000031	SP: 00000ffb	A: 00000041	B: ffedbed5	ldc 1

PC: 00000032	SP: 00000ffb	A: 00000001	B: 00000041	ldl 1

PC: 00000033	SP: 00000ffb	A: 00000003	B: 00000001	add 0

PC: 00000034	SP: 00000ffb	A: 00000004	B: 00000001	stl 1

PC: 00000035	SP: 00000ffb	A: 00000001	B: 00000001	br -28

PC: 0000001a	SP: 00000ffb	A: 00000001	B: 00000001	ldl 4

PC: 0000001b	SP: 00000ffb	A: 0000000a	B: 00000001	ldl 2

PC: 0000001c	SP: 00000ffb	A: 00000001	B: 0000000a	sub 0

PC: 0000001d	SP: 00000ffb	A: 00000009	B: 0000000a	ldl 1

PC: 0000001e	SP: 00000ffb	A: 00000004	B: 00000009	sub 0

PC: 0000001f	SP: 00000ffb	A: 00000005	B: 00000009	brz 22

PC: 00000020	SP: 00000ffb	A: 00000005	B: 00000009	ldl 5

PC: 00000021	SP: 00000ffb	A: 00000041	B: 00000005	ldnl 0

PC: 00000022	SP: 00000ffb	A: ffadbeef	B: 00000005	ldc 0

PC: 00000023	SP: 00000ffb	A: 00000000	B: ffadbeef	ldnl 1

PC: 00000024	SP: 00000ffb	A: 0000000b	B: ffadbeef	sub 0

PC: 00000025	SP: 00000ffb	A: ffadbee4	B: ffadbeef	brlz 1

PC: 00000027	SP: 00000ffb	A: ffadbee4	B: ffadbeef	ldl 5

PC: 00000028	SP: 00000ffb	A: 00000041	B: ffadbee4	ldnl 0

PC: 00000029	SP: 00000ffb	A: ffadbeef	B: ffadbee4	stl 0

PC: 0000002a	SP: 00000ffb	A: ffadbee4	B: ffadbee4	ldl 5

PC: 0000002b	SP: 00000ffb	A: 00000041	B: ffadbee4	ldnl 1

PC: 0000002c	SP: 00000ffb	A: ffedbed5	B: ffadbee4	ldl 5

PC: 0000002d	SP: 00000ffb	A: 00000041	B: ffedbed5	stnl 0

PC: 0000002e	SP: 00000ffb	A: 00000041	B: ffedbed5	ldl 0

PC: 0000002f	SP: 00000ffb	A: ffadbeef	B: 00000041	ldl 5

PC: 00000030	SP: 00000ffb	A: 00000041	B: ffadbeef	stnl 1

PC: 00000031	SP: 00000ffb	A: 00000041	B: ffadbeef	ldc 1

PC: 00000032	SP: 00000ffb	A: 00000001	B: 00000041	ldl 1

PC: 00000033	SP: 00000ffb	A: 00000004	B: 00000001	add 0

PC: 00000034	SP: 00000ffb	A: 00000005	B: 00000001	stl 1

PC: 00000035	SP: 00000ffb	A: 00000001	B: 00000001	br -28

PC: 0000001a	SP: 00000ffb	A: 00000001	B: 00000001	ldl 4

PC: 0000001b	SP: 00000ffb	A: 0000000a	B: 00000001	ldl 2

PC: 0000001c	SP: 00000ffb	A: 00000001	B: 0000000a	sub 0

PC: 0000001d	SP: 00000ffb	A: 00000009	B: 0000000a	ldl 1

PC: 0000001e	SP: 00000ffb	A: 00000005	B: 00000009	sub 0

PC: 0000001f	SP: 00000ffb	A: 00000004	B: 00000009	brz 22

PC: 00000020	SP: 00000ffb	A: 00000004	B: 00000009	ldl 5

PC: 00000021	SP: 00000ffb	A: 00000041	B: 00000004	ldnl 0

PC: 00000022	SP: 00000ffb	A: ffedbed5	B: 00000004	ldc 0

PC: 00000023	SP: 00000ffb	A: 00000000	B: ffedbed5	ldnl 1

PC: 00000024	SP: 00000ffb	A: 0000000b	B: ffedbed5	sub 0

PC: 00000025	SP: 00000ffb	A: ffedbeca	B: ffedbed5	brlz 1

PC: 00000027	SP: 00000ffb	A: ffedbeca	B: ffedbed5	ldl 5

PC: 00000028	SP: 00000ffb	A: 00000041	B: ffedbeca	ldnl 0

PC: 00000029	SP: 00000ffb	A: ffedbed5	B: ffedbeca	stl 0

PC: 0000002a	SP: 00000ffb	A: ffedbeca	B: ffedbeca	ldl 5

PC: 0000002b	SP: 00000ffb	A: 00000041	B: ffedbeca	ldnl 1

PC: 0000002c	SP: 00000ffb	A: ffadbeef	B: ffedbeca	ldl 5

PC: 0000002d	SP: 00000ffb	A: 00000041	B: ffadbeef	stnl 0

PC: 0000002e	SP: 00000ffb	A: 00000041	B: ffadbeef	ldl 0

PC: 0000002f	SP: 00000ffb	A: ffedbed5	B: 00000041	ldl 5

PC: 00000030	SP: 00000ffb	A: 00000041	B: ffedbed5	stnl 1

PC: 00000031	SP: 00000ffb	A: 00000041	B: ffedbed5	ldc 1

PC: 00000032	SP: 00000ffb	A: 00000001	B: 00000041	ldl 1

PC: 00000033	SP: 00000ffb	A: 00000005	B: 00000001	add 0

PC: 00000034	SP: 00000ffb	A: 00000006	B: 00000001	stl 1

PC: 00000035	SP: 00000ffb	A: 00000001	B: 00000001	br -28

PC: 0000001a	SP: 00000ffb	A: 00000001	B: 00000001	ldl 4

PC: 0000001b	SP: 00000ffb	A: 0000000a	B: 00000001	ldl 2

PC: 0000001c	SP: 00000ffb	A: 00000001	B: 0000000a	sub 0

PC: 0000001d	SP: 00000ffb	A: 00000009	B: 0000000a	ldl 1

PC: 0000001e	SP: 00000ffb	A: 00000006	B: 00000009	sub 0

PC: 0000001f	SP: 00000ffb	A: 00000003	B: 00000009	brz 22

PC: 00000020	SP: 00000ffb	A: 00000003	B: 00000009	ldl 5

PC: 00000021	SP: 00000ffb	A: 00000041	B: 00000003	ldnl 0

PC: 00000022	SP: 00000ffb	A: ffadbeef	B: 00000003	ldc 0

PC: 00000023	SP: 00000ffb	A: 00000000	B: ffadbeef	ldnl 1

PC: 00000024	SP: 00000ffb	A: 0000000b	B: ffadbeef	sub 0

PC: 00000025	SP: 00000ffb	A: ffadbee4	B: ffadbeef	brlz 1

PC: 00000027	SP: 00000ffb	A: ffadbee4	B: ffadbeef	ldl 5

PC: 00000028	SP: 00000ffb	A: 00000041	B: ffadbee4	ldnl 0

PC: 00000029	SP: 00000ffb	A: ffadbeef	B: ffadbee4	stl 0

PC: 0000002a	SP: 00000ffb	A: ffadbee4	B: ffadbee4	ldl 5

PC: 0000002b	SP: 00000ffb	A: 00000041	B: ffadbee4	ldnl 1

PC: 0000002c	SP: 00000ffb	A: ffedbed5	B: ffadbee4	ldl 5

PC: 0000002d	SP: 00000ffb	A: 00000041	B: ffedbed5	stnl 0

PC: 0000002e	SP: 00000ffb	A: 00000041	B: ffedbed5	ldl 0

PC: 0000002f	SP: 00000ffb	A: ffadbeef	B: 00000041	ldl 5

PC: 00000030	SP: 00000ffb	A: 00000041	B: ffadbeef	stnl 1

PC: 00000031	SP: 00000ffb	A: 00000041	B: ffadbeef	ldc 1

PC: 00000032	SP: 00000ffb	A: 00000001	B: 00000041	ldl 1

PC: 00000033	SP: 00000ffb	A: 00000006	B: 00000001	add 0

PC: 00000034	SP: 00000ffb	A: 00000007	B: 00000001	stl 1

PC: 00000035	SP: 00000ffb	A: 00000001	B: 00000001	br -28

PC: 0000001a	SP: 00000ffb	A: 00000001	B: 00000001	ldl 4

PC: 0000001b	SP: 00000ffb	A: 0000000a	B: 00000001	ldl 2

PC: 0000001c	SP: 00000ffb	A: 00000001	B: 0000000a	sub 0

PC: 0000001d	SP: 00000ffb	A: 00000009	B: 0000000a	ldl 1

PC: 0000001e	SP: 00000ffb	A: 00000007	B: 00000009	sub 0

PC: 0000001f	SP: 00000ffb	A: 00000002	B: 00000009	brz 22

PC: 00000020	SP: 00000ffb	A: 00000002	B: 00000009	ldl 5

PC: 00000021	SP: 00000ffb	A: 00000041	B: 00000002	ldnl 0

PC: 00000022	SP: 00000ffb	A: ffedbed5	B: 00000002	ldc 0

PC: 00000023	SP: 00000ffb	A: 00000000	B: ffedbed5	ldnl 1

PC: 00000024	SP: 00000ffb	A: 0000000b	B: ffedbed5	sub 0

PC: 00000025	SP: 00000ffb	A: ffedbeca	B: ffedbed5	brlz 1

PC: 00000027	SP: 00000ffb	A: ffedbeca	B: ffedbed5	ldl 5

PC: 00000028	SP: 00000ffb	A: 00000041	B: ffedbeca	ldnl 0

PC: 00000029	SP: 00000ffb	A: ffedbed5	B: ffedbeca	stl 0

PC: 0000002a	SP: 00000ffb	A: ffedbeca	B: ffedbeca	ldl 5

PC: 0000002b	SP: 00000ffb	A: 00000041	B: ffedbeca	ldnl 1

PC: 0000002c	SP: 00000ffb	A: ffadbeef	B: ffedbeca	ldl 5

PC: 0000002d	SP: 00000ffb	A: 00000041	B: ffadbeef	stnl 0

PC: 0000002e	SP: 00000ffb	A: 00000041	B: ffadbeef	ldl 0

PC: 0000002f	SP: 00000ffb	A: ffedbed5	B: 00000041	ldl 5

PC: 00000030	SP: 00000ffb	A: 00000041	B: ffedbed5	stnl 1

PC: 00000031	SP: 00000ffb	A: 00000041	B: ffedbed5	ldc 1

PC: 00000032	SP: 00000ffb	A: 00000001	B: 00000041	ldl 1

PC: 00000033	SP: 00000ffb	A: 00000007	B: 00000001	add 0

PC: 00000034	SP: 00000ffb	A: 00000008	B: 00000001	stl 1

PC: 00000035	SP: 00000ffb	A: 00000001	B: 00000001	br -28

PC: 0000001a	SP: 00000ffb	A: 00000001	B: 00000001	ldl 4

PC: 0000001b	SP: 00000ffb	A: 0000000a	B: 00000001	ldl 2

PC: 0000001c	SP: 00000ffb	A: 00000001	B: 0000000a	sub 0

PC: 0000001d	SP: 00000ffb	A: 00000009	B: 0000000a	ldl 1

PC: 0000001e	SP: 00000ffb	A: 00000008	B: 00000009	sub 0

PC: 0000001f	SP: 00000ffb	A: 00000001	B: 00000009	brz 22

PC: 00000020	SP: 00000ffb	A: 00000001	B: 00000009	ldl 5

PC: 00000021	SP: 00000ffb	A: 00000041	B: 00000001	ldnl 0

PC: 00000022	SP: 00000ffb	A: ffadbeef	B: 00000001	ldc 0

PC: 00000023	SP: 00000ffb	A: 00000000	B: ffadbeef	ldnl 1

PC: 00000024	SP: 00000ffb	A: 0000000b	B: ffadbeef	sub 0

PC: 00000025	SP: 00000ffb	A: ffadbee4	B: ffadbeef	brlz 1

PC: 00000027	SP: 00000ffb	A: ffadbee4	B: ffadbeef	ldl 5

PC: 00000028	SP: 00000ffb	A: 00000041	B: ffadbee4	ldnl 0

PC: 00000029	SP: 00000ffb	A: ffadbeef	B: ffadbee4	stl 0

PC: 0000002a	SP: 00000ffb	A: ffadbee4	B: ffadbee4	ldl 5

PC: 0000002b	SP: 00000ffb	A: 00000041	B: ffadbee4	ldnl 1

PC: 0000002c	SP: 00000ffb	A: ffedbed5	B: ffadbee4	ldl 5

PC: 0000002d	SP: 00000ffb	A: 00000041	B: ffedbed5	stnl 0

PC: 0000002e	SP: 00000ffb	A: 00000041	B: ffedbed5	ldl 0

PC: 0000002f	SP: 00000ffb	A: ffadbeef	B: 00000041	ldl 5

PC: 00000030	SP: 00000ffb	A: 00000041	B: ffadbeef	stnl 1

PC: 00000031	SP: 00000ffb	A: 00000041	B: ffadbeef	ldc 1

PC: 00000032	SP: 00000ffb	A: 00000001	B: 00000041	ldl 1

PC: 00000033	SP: 00000ffb	A: 00000008	B: 00000001	add 0

PC: 00000034	SP: 00000ffb	A: 00000009	B: 00000001	stl 1

PC: 00000035	SP: 00000ffb	A: 00000001	B: 00000001	br -28

PC: 0000001a	SP: 00000ffb	A: 00000001	B: 00000001	ldl 4

PC: 0000001b	SP: 00000ffb	A: 0000000a	B: 00000001	ldl 2

PC: 0000001c	SP: 00000ffb	A: 00000001	B: 0000000a	sub 0

PC: 0000001d	SP: 00000ffb	A: 00000009	B: 0000000a	ldl 1

PC: 0000001e	SP: 00000ffb	A: 00000009	B: 00000009	sub 0

PC: 0000001f	SP: 00000ffb	A: 00000000	B: 00000009	brz 22

PC: 00000036	SP: 00000ffb	A: 00000000	B: 00000009	ldc 1

PC: 00000037	SP: 00000ffb	A: 00000001	B: 00000000	ldl 2

PC: 00000038	SP: 00000ffb	A: 00000001	B: 00000001	add 0

PC: 00000039	SP: 00000ffb	A: 00000002	B: 00000001	stl 2

PC: 0000003a	SP: 00000ffb	A: 00000001	B: 00000001	ldc 1

PC: 0000003b	SP: 00000ffb	A: 00000001	B: 00000001	ldl 5

PC: 0000003c	SP: 00000ffb	A: 00000041	B: 00000001	add 0

PC: 0000003d	SP: 00000ffb	A: 00000042	B: 00000001	br -44

PC: 00000012	SP: 00000ffb	A: 00000042	B: 00000001	ldl 4

PC: 00000013	SP: 00000ffb	A: 0000000a	B: 00000042	ldl 2

PC: 00000014	SP: 00000ffb	A: 00000002	B: 0000000a	sub 0

PC: 00000015	SP: 00000ffb	A: 00000008	B: 0000000a	ldc 1

PC: 00000016	SP: 00000ffb	A: 00000001	B: 00000008	sub 0

PC: 00000017	SP: 00000ffb	A: 00000007	B: 00000008	brz 38

PC: 00000018	SP: 00000ffb	A: 00000007	B: 00000008	ldc 1

PC: 00000019	SP: 00000ffb	A: 00000001	B: 00000007	stl 1

PC: 0000001a	SP: 00000ffb	A: 00000007	B: 00000007	ldl 4

PC: 0000001b	SP: 00000ffb	A: 0000000a	B: 00000007	ldl 2

PC: 0000001c	SP: 00000ffb	A: 00000002	B: 0000000a	sub 0

PC: 0000001d	SP: 00000ffb	A: 00000008	B: 0000000a	ldl 1

PC: 0000001e	SP: 00000ffb	A: 00000001	B: 00000008	sub 0

PC: 0000001f	SP: 00000ffb	A: 00000007	B: 00000008	brz 22

PC: 00000020	SP: 00000ffb	A: 00000007	B: 00000008	ldl 5

PC: 00000021	SP: 00000ffb	A: 00000041	B: 00000007	ldnl 0

PC: 00000022	SP: 00000ffb	A: ffedbed5	B: 00000007	ldc 0

PC: 00000023	SP: 00000ffb	A: 00000000	B: ffedbed5	ldnl 1

PC: 00000024	SP: 00000ffb	A: 0000000b	B: ffedbed5	sub 0

PC: 00000025	SP: 00000ffb	A: ffedbeca	B: ffedbed5	brlz 1

PC: 00000027	SP: 00000ffb	A: ffedbeca	B: ffedbed5	ldl 5

PC: 00000028	SP: 00000ffb	A: 00000041	B: ffedbeca	ldnl 0

PC: 00000029	SP: 00000ffb	A: ffedbed5	B: ffedbeca	stl 0

PC: 0000002a	SP: 00000ffb	A: ffedbeca	B: ffedbeca	ldl 5

PC: 0000002b	SP: 00000ffb	A: 00000041	B: ffedbeca	ldnl 1

PC: 0000002c	SP: 00000ffb	A: ffadbeef	B: ffedbeca	ldl 5

PC: 0000002d	SP: 00000ffb	A: 00000041	B: ffadbeef	stnl 0

PC: 0000002e	SP: 00000ffb	A: 00000041	B: ffadbeef	ldl 0

PC: 0000002f	SP: 00000ffb	A: ffedbed5	B: 00000041	ldl 5

PC: 00000030	SP: 00000ffb	A: 00000041	B: ffedbed5	stnl 1

PC: 00000031	SP: 00000ffb	A: 00000041	B: ffedbed5	ldc 1

PC: 00000032	SP: 00000ffb	A: 00000001	B: 00000041	ldl 1

PC: 00000033	SP: 00000ffb	A: 00000001	B: 00000001	add 0

PC: 00000034	SP: 00000ffb	A: 00000002	B: 00000001	stl 1

PC: 00000035	SP: 00000ffb	A: 00000001	B: 00000001	br -28

PC: 0000001a	SP: 00000ffb	A: 00000001	B: 00000001	ldl 4

PC: 0000001b	SP: 00000ffb	A: 0000000a	B: 00000001	ldl 2

PC: 0000001c	SP: 00000ffb	A: 00000002	B: 0000000a	sub 0

PC: 0000001d	SP: 00000ffb	A: 00000008	B: 0000000a	ldl 1

PC: 0000001e	SP: 00000ffb	A: 00000002	B: 00000008	sub 0

PC: 0000001f	SP: 00000ffb	A: 00000006	B: 00000008	brz 22

PC: 00000020	SP: 00000ffb	A: 00000006	B: 00000008	ldl 5

PC: 00000021	SP: 00000ffb	A: 00000041	B: 00000006	ldnl 0

PC: 00000022	SP: 00000ffb	A: ffadbeef	B: 00000006	ldc 0

PC: 00000023	SP: 00000ffb	A: 00000000	B: ffadbeef	ldnl 1

PC: 00000024	SP: 00000ffb	A: 0000000b	B: ffadbeef	sub 0

PC: 00000025	SP: 00000ffb	A: ffadbee4	B: ffadbeef	brlz 1

PC: 00000027	SP: 00000ffb	A: ffadbee4	B: ffadbeef	ldl 5

PC: 00000028	SP: 00000ffb	A: 00000041	B: ffadbee4	ldnl 0

PC: 00000029	SP: 00000ffb	A: ffadbeef	B: ffadbee4	stl 0

PC: 0000002a	SP: 00000ffb	A: ffadbee4	B: ffadbee4	ldl 5

PC: 0000002b	SP: 00000ffb	A: 00000041	B: ffadbee4	ldnl 1

PC: 0000002c	SP: 00000ffb	A: ffedbed5	B: ffadbee4	ldl 5

PC: 0000002d	SP: 00000ffb	A: 00000041	B: ffedbed5	stnl 0

PC: 0000002e	SP: 00000ffb	A: 00000041	B: ffedbed5	ldl 0

PC: 0000002f	SP: 00000ffb	A: ffadbeef	B: 00000041	ldl 5

PC: 00000030	SP: 00000ffb	A: 00000041	B: ffadbeef	stnl 1

PC: 00000031	SP: 00000ffb	A: 00000041	B: ffadbeef	ldc 1

PC: 00000032	SP: 00000ffb	A: 00000001	B: 00000041	ldl 1

PC: 00000033	SP: 00000ffb	A: 00000002	B: 00000001	add 0

PC: 00000034	SP: 00000ffb	A: 00000003	B: 00000001	stl 1

PC: 00000035	SP: 00000ffb	A: 00000001	B: 00000001	br -28

PC: 0000001a	SP: 00000ffb	A: 00000001	B: 00000001	ldl 4

PC: 0000001b	SP: 00000ffb	A: 0000000a	B: 00000001	ldl 2

PC: 0000001c	SP: 00000ffb	A: 00000002	B: 0000000a	sub 0

PC: 0000001d	SP: 00000ffb	A: 00000008	B: 0000000a	ldl 1

PC: 0000001e	SP: 00000ffb	A: 00000003	B: 00000008	sub 0

PC: 0000001f	SP: 00000ffb	A: 00000005	B: 00000008	brz 22

PC: 00000020	SP: 00000ffb	A: 00000005	B: 00000008	ldl 5

PC: 00000021	SP: 00000ffb	A: 00000041	B: 00000005	ldnl 0

PC: 00000022	SP: 00000ffb	A: ffedbed5	B: 00000005	ldc 0

PC: 00000023	SP: 00000ffb	A: 00000000	B: ffedbed5	ldnl 1

PC: 00000024	SP: 00000ffb	A: 0000000b	B: ffedbed5	sub 0

PC: 00000025	SP: 00000ffb	A: ffedbeca	B: ffedbed5	brlz 1

PC: 00000027	SP: 00000ffb	A: ffedbeca	B: ffedbed5	ldl 5

PC: 00000028	SP: 00000ffb	A: 00000041	B: ffedbeca	ldnl 0

PC: 00000029	SP: 00000ffb	A: ffedbed5	B: ffedbeca	stl 0

PC: 0000002a	SP: 00000ffb	A: ffedbeca	B: ffedbeca	ldl 5

PC: 0000002b	SP: 00000ffb	A: 00000041	B: ffedbeca	ldnl 1

PC: 0000002c	SP: 00000ffb	A: ffadbeef	B: ffedbeca	ldl 5

PC: 0000002d	SP: 00000ffb	A: 00000041	B: ffadbeef	stnl 0

PC: 0000002e	SP: 00000ffb	A: 00000041	B: ffadbeef	ldl 0

PC: 0000002f	SP: 00000ffb	A: ffedbed5	B: 00000041	ldl 5

PC: 00000030	SP: 00000ffb	A: 00000041	B: ffedbed5	stnl 1

PC: 00000031	SP: 00000ffb	A: 00000041	B: ffedbed5	ldc 1

PC: 00000032	SP: 00000ffb	A: 00000001	B: 00000041	ldl 1

PC: 00000033	SP: 00000ffb	A: 00000003	B: 00000001	add 0

PC: 00000034	SP: 00000ffb	A: 00000004	B: 00000001	stl 1

PC: 00000035	SP: 00000ffb	A: 00000001	B: 00000001	br -28

PC: 0000001a	SP: 00000ffb	A: 00000001	B: 00000001	ldl 4

PC: 0000001b	SP: 00000ffb	A: 0000000a	B: 00000001	ldl 2

PC: 0000001c	SP: 00000ffb	A: 00000002	B: 0000000a	sub 0

PC: 0000001d	SP: 00000ffb	A: 00000008	B: 0000000a	ldl 1

PC: 0000001e	SP: 00000ffb	A: 00000004	B: 00000008	sub 0

PC: 0000001f	SP: 00000ffb	A: 00000004	B: 00000008	brz 22

PC: 00000020	SP: 00000ffb	A: 00000004	B: 00000008	ldl 5

PC: 00000021	SP: 00000ffb	A: 00000041	B: 00000004	ldnl 0

PC: 00000022	SP: 00000ffb	A: ffadbeef	B: 00000004	ldc 0

PC: 00000023	SP: 00000ffb	A: 00000000	B: ffadbeef	ldnl 1

PC: 00000024	SP: 00000ffb	A: 0000000b	B: ffadbeef	sub 0

PC: 00000025	SP: 00000ffb	A: ffadbee4	B: ffadbeef	brlz 1

PC: 00000027	SP: 00000ffb	A: ffadbee4	B: ffadbeef	ldl 5

PC: 00000028	SP: 00000ffb	A: 00000041	B: ffadbee4	ldnl 0

PC: 00000029	SP: 00000ffb	A: ffadbeef	B: ffadbee4	stl 0

PC: 0000002a	SP: 00000ffb	A: ffadbee4	B: ffadbee4	ldl 5

PC: 0000002b	SP: 00000ffb	A: 00000041	B: ffadbee4	ldnl 1

PC: 0000002c	SP: 00000ffb	A: ffedbed5	B: ffadbee4	ldl 5

PC: 0000002d	SP: 00000ffb	A: 00000041	B: ffedbed5	stnl 0

PC: 0000002e	SP: 00000ffb	A: 00000041	B: ffedbed5	ldl 0

PC: 0000002f	SP: 00000ffb	A: ffadbeef	B: 00000041	ldl 5

PC: 00000030	SP: 00000ffb	A: 00000041	B: ffadbeef	stnl 1

PC: 00000031	SP: 00000ffb	A: 00000041	B: ffadbeef	ldc 1

PC: 00000032	SP: 00000ffb	A: 00000001	B: 00000041	ldl 1

PC: 00000033	SP: 00000ffb	A: 00000004	B: 00000001	add 0

PC: 00000034	SP: 00000ffb	A: 00000005	B: 00000001	stl 1

PC: 00000035	SP: 00000ffb	A: 00000001	B: 00000001	br -28

PC: 0000001a	SP: 00000ffb	A: 00000001	B: 00000001	ldl 4

PC: 0000001b	SP: 00000ffb	A: 0000000a	B: 00000001	ldl 2

PC: 0000001c	SP: 00000ffb	A: 00000002	B: 0000000a	sub 0

PC: 0000001d	SP: 00000ffb	A: 00000008	B: 0000000a	ldl 1

PC: 0000001e	SP: 00000ffb	A: 00000005	B: 00000008	sub 0

PC: 0000001f	SP: 00000ffb	A: 00000003	B: 00000008	brz 22

PC: 00000020	SP: 00000ffb	A: 00000003	B: 00000008	ldl 5

PC: 00000021	SP: 00000ffb	A: 00000041	B: 00000003	ldnl 0

PC: 00000022	SP: 00000ffb	A: ffedbed5	B: 00000003	ldc 0

PC: 00000023	SP: 00000ffb	A: 00000000	B: ffedbed5	ldnl 1

PC: 00000024	SP: 00000ffb	A: 0000000b	B: ffedbed5	sub 0

PC: 00000025	SP: 00000ffb	A: ffedbeca	B: ffedbed5	brlz 1

PC: 00000027	SP: 00000ffb	A: ffedbeca	B: ffedbed5	ldl 5

PC: 00000028	SP: 00000ffb	A: 00000041	B: ffedbeca	ldnl 0

PC: 00000029	SP: 00000ffb	A: ffedbed5	B: ffedbeca	stl 0

PC: 0000002a	SP: 00000ffb	A: ffedbeca	B: ffedbeca	ldl 5

PC: 0000002b	SP: 00000ffb	A: 00000041	B: ffedbeca	ldnl 1

PC: 0000002c	SP: 00000ffb	A: ffadbeef	B: ffedbeca	ldl 5

PC: 0000002d	SP: 00000ffb	A: 00000041	B: ffadbeef	stnl 0

PC: 0000002e	SP: 00000ffb	A: 00000041	B: ffadbeef	ldl 0

PC: 0000002f	SP: 00000ffb	A: ffedbed5	B: 00000041	ldl 5

PC: 00000030	SP: 00000ffb	A: 00000041	B: ffedbed5	stnl 1

PC: 00000031	SP: 00000ffb	A: 00000041	B: ffedbed5	ldc 1

PC: 00000032	SP: 00000ffb	A: 00000001	B: 00000041	ldl 1

PC: 00000033	SP: 00000ffb	A: 00000005	B: 00000001	add 0

PC: 00000034	SP: 00000ffb	A: 00000006	B: 00000001	stl 1

PC: 00000035	SP: 00000ffb	A: 00000001	B: 00000001	br -28

PC: 0000001a	SP: 00000ffb	A: 00000001	B: 00000001	ldl 4

PC: 0000001b	SP: 00000ffb	A: 0000000a	B: 00000001	ldl 2

PC: 0000001c	SP: 00000ffb	A: 00000002	B: 0000000a	sub 0

PC: 0000001d	SP: 00000ffb	A: 00000008	B: 0000000a	ldl 1

PC: 0000001e	SP: 00000ffb	A: 00000006	B: 00000008	sub 0

PC: 0000001f	SP: 00000ffb	A: 00000002	B: 00000008	brz 22

PC: 00000020	SP: 00000ffb	A: 00000002	B: 00000008	ldl 5

PC: 00000021	SP: 00000ffb	A: 00000041	B: 00000002	ldnl 0

PC: 00000022	SP: 00000ffb	A: ffadbeef	B: 00000002	ldc 0

PC: 00000023	SP: 00000ffb	A: 00000000	B: ffadbeef	ldnl 1

PC: 00000024	SP: 00000ffb	A: 0000000b	B: ffadbeef	sub 0

PC: 00000025	SP: 00000ffb	A: ffadbee4	B: ffadbeef	brlz 1

PC: 00000027	SP: 00000ffb	A: ffadbee4	B: ffadbeef	ldl 5

PC: 00000028	SP: 00000ffb	A: 00000041	B: ffadbee4	ldnl 0

PC: 00000029	SP: 00000ffb	A: ffadbeef	B: ffadbee4	stl 0

PC: 0000002a	SP: 00000ffb	A: ffadbee4	B: ffadbee4	ldl 5

PC: 0000002b	SP: 00000ffb	A: 00000041	B: ffadbee4	ldnl 1

PC: 0000002c	SP: 00000ffb	A: ffedbed5	B: ffadbee4	ldl 5

PC: 0000002d	SP: 00000ffb	A: 00000041	B: ffedbed5	stnl 0

PC: 0000002e	SP: 00000ffb	A: 00000041	B: ffedbed5	ldl 0

PC: 0000002f	SP: 00000ffb	A: ffadbeef	B: 00000041	ldl 5

PC: 00000030	SP: 00000ffb	A: 00000041	B: ffadbeef	stnl 1

PC: 00000031	SP: 00000ffb	A: 00000041	B: ffadbeef	ldc 1

PC: 00000032	SP: 00000ffb	A: 00000001	B: 00000041	ldl 1

PC: 00000033	SP: 00000ffb	A: 00000006	B: 00000001	add 0

PC: 00000034	SP: 00000ffb	A: 00000007	B: 00000001	stl 1

PC: 00000035	SP: 00000ffb	A: 00000001	B: 00000001	br -28

PC: 0000001a	SP: 00000ffb	A: 00000001	B: 00000001	ldl 4

PC: 0000001b	SP: 00000ffb	A: 0000000a	B: 00000001	ldl 2

PC: 0000001c	SP: 00000ffb	A: 00000002	B: 0000000a	sub 0

PC: 0000001d	SP: 00000ffb	A: 00000008	B: 0000000a	ldl 1

PC: 0000001e	SP: 00000ffb	A: 00000007	B: 00000008	sub 0

PC: 0000001f	SP: 00000ffb	A: 00000001	B: 00000008	brz 22

PC: 00000020	SP: 00000ffb	A: 00000001	B: 00000008	ldl 5

PC: 00000021	SP: 00000ffb	A: 00000041	B: 00000001	ldnl 0

PC: 00000022	SP: 00000ffb	A: ffedbed5	B: 00000001	ldc 0

PC: 00000023	SP: 00000ffb	A: 00000000	B: ffedbed5	ldnl 1

PC: 00000024	SP: 00000ffb	A: 0000000b	B: ffedbed5	sub 0

PC: 00000025	SP: 00000ffb	A: ffedbeca	B: ffedbed5	brlz 1

PC: 00000027	SP: 00000ffb	A: ffedbeca	B: ffedbed5	ldl 5

PC: 00000028	SP: 00000ffb	A: 00000041	B: ffedbeca	ldnl 0

PC: 00000029	SP: 00000ffb	A: ffedbed5	B: ffedbeca	stl 0

PC: 0000002a	SP: 00000ffb	A: ffedbeca	B: ffedbeca	ldl 5

PC: 0000002b	SP: 00000ffb	A: 00000041	B: ffedbeca	ldnl 1

PC: 0000002c	SP: 00000ffb	A: ffadbeef	B: ffedbeca	ldl 5

PC: 0000002d	SP: 00000ffb	A: 00000041	B: ffadbeef	stnl 0

PC: 0000002e	SP: 00000ffb	A: 00000041	B: ffadbeef	ldl 0

PC: 0000002f	SP: 00000ffb	A: ffedbed5	B: 00000041	ldl 5

PC: 00000030	SP: 00000ffb	A: 00000041	B: ffedbed5	stnl 1

PC: 00000031	SP: 00000ffb	A: 00000041	B: ffedbed5	ldc 1

PC: 00000032	SP: 00000ffb	A: 00000001	B: 00000041	ldl 1

PC: 00000033	SP: 00000ffb	A: 00000007	B: 00000001	add 0

PC: 00000034	SP: 00000ffb	A: 00000008	B: 00000001	stl 1

PC: 00000035	SP: 00000ffb	A: 00000001	B: 00000001	br -28

PC: 0000001a	SP: 00000ffb	A: 00000001	B: 00000001	ldl 4

PC: 0000001b	SP: 00000ffb	A: 0000000a	B: 00000001	ldl 2

PC: 0000001c	SP: 00000ffb	A: 00000002	B: 0000000a	sub 0

PC: 0000001d	SP: 00000ffb	A: 00000008	B: 0000000a	ldl 1

PC: 0000001e	SP: 00000ffb	A: 00000008	B: 00000008	sub 0

PC: 0000001f	SP: 00000ffb	A: 00000000	B: 00000008	brz 22

PC: 00000036	SP: 00000ffb	A: 00000000	B: 00000008	ldc 1

PC: 00000037	SP: 00000ffb	A: 00000001	B: 00000000	ldl 2

PC: 00000038	SP: 00000ffb	A: 00000002	B: 00000001	add 0

PC: 00000039	SP: 00000ffb	A: 00000003	B: 00000001	stl 2

PC: 0000003a	SP: 00000ffb	A: 00000001	B: 00000001	ldc 1

PC: 0000003b	SP: 00000ffb	A: 00000001	B: 00000001	ldl 5

PC: 0000003c	SP: 00000ffb	A: 00000041	B: 00000001	add 0

PC: 0000003d	SP: 00000ffb	A: 00000042	B: 00000001	br -44

PC: 00000012	SP: 00000ffb	A: 00000042	B: 00000001	ldl 4

PC: 00000013	SP: 00000ffb	A: 0000000a	B: 00000042	ldl 2

PC: 00000014	SP: 00000ffb	A: 00000003	B: 0000000a	sub 0

PC: 00000015	SP: 00000ffb	A: 00000007	B: 0000000a	ldc 1

PC: 00000016	SP: 00000ffb	A: 00000001	B: 00000007	sub 0

PC: 00000017	SP: 00000ffb	A: 00000006	B: 00000007	brz 38

PC: 00000018	SP: 00000ffb	A: 00000006	B: 00000007	ldc 1

PC: 00000019	SP: 00000ffb	A: 00000001	B: 00000006	stl 1

PC: 0000001a	SP: 00000ffb	A: 00000006	B: 00000006	ldl 4

PC: 0000001b	SP: 00000ffb	A: 0000000a	B: 00000006	ldl 2

PC: 0000001c	SP: 00000ffb	A: 00000003	B: 0000000a	sub 0

PC: 0000001d	SP: 00000ffb	A: 00000007	B: 0000000a	ldl 1

PC: 0000001e	SP: 00000ffb	A: 00000001	B: 00000007	sub 0

PC: 0000001f	SP: 00000ffb	A: 00000006	B: 00000007	brz 22

PC: 00000020	SP: 00000ffb	A: 00000006	B: 00000007	ldl 5

PC: 00000021	SP: 00000ffb	A: 00000041	B: 00000006	ldnl 0

PC: 00000022	SP: 00000ffb	A: ffadbeef	B: 00000006	ldc 0

PC: 00000023	SP: 00000ffb	A: 00000000	B: ffadbeef	ldnl 1

PC: 00000024	SP: 00000ffb	A: 0000000b	B: ffadbeef	sub 0

PC: 00000025	SP: 00000ffb	A: ffadbee4	B: ffadbeef	brlz 1

PC: 00000027	SP: 00000ffb	A: ffadbee4	B: ffadbeef	ldl 5

PC: 00000028	SP: 00000ffb	A: 00000041	B: ffadbee4	ldnl 0

PC: 00000029	SP: 00000ffb	A: ffadbeef	B: ffadbee4	stl 0

PC: 0000002a	SP: 00000ffb	A: ffadbee4	B: ffadbee4	ldl 5

PC: 0000002b	SP: 00000ffb	A: 00000041	B: ffadbee4	ldnl 1

PC: 0000002c	SP: 00000ffb	A: ffedbed5	B: ffadbee4	ldl 5

PC: 0000002d	SP: 00000ffb	A: 00000041	B: ffedbed5	stnl 0

PC: 0000002e	SP: 00000ffb	A: 00000041	B: ffedbed5	ldl 0

PC: 0000002f	SP: 00000ffb	A: ffadbeef	B: 00000041	ldl 5

PC: 00000030	SP: 00000ffb	A: 00000041	B: ffadbeef	stnl 1

PC: 00000031	SP: 00000ffb	A: 00000041	B: ffadbeef	ldc 1

PC: 00000032	SP: 00000ffb	A: 00000001	B: 00000041	ldl 1

PC: 00000033	SP: 00000ffb	A: 00000001	B: 00000001	add 0

PC: 00000034	SP: 00000ffb	A: 00000002	B: 00000001	stl 1

PC: 00000035	SP: 00000ffb	A: 00000001	B: 00000001	br -28

PC: 0000001a	SP: 00000ffb	A: 00000001	B: 00000001	ldl 4

PC: 0000001b	SP: 00000ffb	A: 0000000a	B: 00000001	ldl 2

PC: 0000001c	SP: 00000ffb	A: 00000003	B: 0000000a	sub 0

PC: 0000001d	SP: 00000ffb	A: 00000007	B: 0000000a	ldl 1

PC: 0000001e	SP: 00000ffb	A: 00000002	B: 00000007	sub 0

PC: 0000001f	SP: 00000ffb	A: 00000005	B: 00000007	brz 22

PC: 00000020	SP: 00000ffb	A: 00000005	B: 00000007	ldl 5

PC: 00000021	SP: 00000ffb	A: 00000041	B: 00000005	ldnl 0

PC: 00000022	SP: 00000ffb	A: ffedbed5	B: 00000005	ldc 0

PC: 00000023	SP: 00000ffb	A: 00000000	B: ffedbed5	ldnl 1

PC: 00000024	SP: 00000ffb	A: 0000000b	B: ffedbed5	sub 0

PC: 00000025	SP: 00000ffb	A: ffedbeca	B: ffedbed5	brlz 1

PC: 00000027	SP: 00000ffb	A: ffedbeca	B: ffedbed5	ldl 5

PC: 00000028	SP: 00000ffb	A: 00000041	B: ffedbeca	ldnl 0

PC: 00000029	SP: 00000ffb	A: ffedbed5	B: ffedbeca	stl 0

PC: 0000002a	SP: 00000ffb	A: ffedbeca	B: ffedbeca	ldl 5

PC: 0000002b	SP: 00000ffb	A: 00000041	B: ffedbeca	ldnl 1

PC: 0000002c	SP: 00000ffb	A: ffadbeef	B: ffedbeca	ldl 5

PC: 0000002d	SP: 00000ffb	A: 00000041	B: ffadbeef	stnl 0

PC: 0000002e	SP: 00000ffb	A: 00000041	B: ffadbeef	ldl 0

PC: 0000002f	SP: 00000ffb	A: ffedbed5	B: 00000041	ldl 5

PC: 00000030	SP: 00000ffb	A: 00000041	B: ffedbed5	stnl 1

PC: 00000031	SP: 00000ffb	A: 00000041	B: ffedbed5	ldc 1

PC: 00000032	SP: 00000ffb	A: 00000001	B: 00000041	ldl 1

PC: 00000033	SP: 00000ffb	A: 00000002	B: 00000001	add 0

PC: 00000034	SP: 00000ffb	A: 00000003	B: 00000001	stl 1

PC: 00000035	SP: 00000ffb	A: 00000001	B: 00000001	br -28

PC: 0000001a	SP: 00000ffb	A: 00000001	B: 00000001	ldl 4

PC: 0000001b	SP: 00000ffb	A: 0000000a	B: 00000001	ldl 2

PC: 0000001c	SP: 00000ffb	A: 00000003	B: 0000000a	sub 0

PC: 0000001d	SP: 00000ffb	A: 00000007	B: 0000000a	ldl 1

PC: 0000001e	SP: 00000ffb	A: 00000003	B: 00000007	sub 0

PC: 0000001f	SP: 00000ffb	A: 00000004	B: 00000007	brz 22

PC: 00000020	SP: 00000ffb	A: 00000004	B: 00000007	ldl 5

PC: 00000021	SP: 00000ffb	A: 00000041	B: 00000004	ldnl 0

PC: 00000022	SP: 00000ffb	A: ffadbeef	B: 00000004	ldc 0

PC: 00000023	SP: 00000ffb	A: 00000000	B: ffadbeef	ldnl 1

PC: 00000024	SP: 00000ffb	A: 0000000b	B: ffadbeef	sub 0

PC: 00000025	SP: 00000ffb	A: ffadbee4	B: ffadbeef	brlz 1

PC: 00000027	SP: 00000ffb	A: ffadbee4	B: ffadbeef	ldl 5

PC: 00000028	SP: 00000ffb	A: 00000041	B: ffadbee4	ldnl 0

PC: 00000029	SP: 00000ffb	A: ffadbeef	B: ffadbee4	stl 0

PC: 0000002a	SP: 00000ffb	A: ffadbee4	B: ffadbee4	ldl 5

PC: 0000002b	SP: 00000ffb	A: 00000041	B: ffadbee4	ldnl 1

PC: 0000002c	SP: 00000ffb	A: ffedbed5	B: ffadbee4	ldl 5

PC: 0000002d	SP: 00000ffb	A: 00000041	B: ffedbed5	stnl 0

PC: 0000002e	SP: 00000ffb	A: 00000041	B: ffedbed5	ldl 0

PC: 0000002f	SP: 00000ffb	A: ffadbeef	B: 00000041	ldl 5

PC: 00000030	SP: 00000ffb	A: 00000041	B: ffadbeef	stnl 1

PC: 00000031	SP: 00000ffb	A: 00000041	B: ffadbeef	ldc 1

PC: 00000032	SP: 00000ffb	A: 00000001	B: 00000041	ldl 1

PC: 00000033	SP: 00000ffb	A: 00000003	B: 00000001	add 0

PC: 00000034	SP: 00000ffb	A: 00000004	B: 00000001	stl 1

PC: 00000035	SP: 00000ffb	A: 00000001	B: 00000001	br -28

PC: 0000001a	SP: 00000ffb	A: 00000001	B: 00000001	ldl 4

PC: 0000001b	SP: 00000ffb	A: 0000000a	B: 00000001	ldl 2

PC: 0000001c	SP: 00000ffb	A: 00000003	B: 0000000a	sub 0

PC: 0000001d	SP: 00000ffb	A: 00000007	B: 0000000a	ldl 1

PC: 0000001e	SP: 00000ffb	A: 00000004	B: 00000007	sub 0

PC: 0000001f	SP: 00000ffb	A: 00000003	B: 00000007	brz 22

PC: 00000020	SP: 00000ffb	A: 00000003	B: 00000007	ldl 5

PC: 00000021	SP: 00000ffb	A: 00000041	B: 00000003	ldnl 0

PC: 00000022	SP: 00000ffb	A: ffedbed5	B: 00000003	ldc 0

PC: 00000023	SP: 00000ffb	A: 00000000	B: ffedbed5	ldnl 1

PC: 00000024	SP: 00000ffb	A: 0000000b	B: ffedbed5	sub 0

PC: 00000025	SP: 00000ffb	A: ffedbeca	B: ffedbed5	brlz 1

PC: 00000027	SP: 00000ffb	A: ffedbeca	B: ffedbed5	ldl 5

PC: 00000028	SP: 00000ffb	A: 00000041	B: ffedbeca	ldnl 0

PC: 00000029	SP: 00000ffb	A: ffedbed5	B: ffedbeca	stl 0

PC: 0000002a	SP: 00000ffb	A: ffedbeca	B: ffedbeca	ldl 5

PC: 0000002b	SP: 00000ffb	A: 00000041	B: ffedbeca	ldnl 1

PC: 0000002c	SP: 00000ffb	A: ffadbeef	B: ffedbeca	ldl 5

PC: 0000002d	SP: 00000ffb	A: 00000041	B: ffadbeef	stnl 0

PC: 0000002e	SP: 00000ffb	A: 00000041	B: ffadbeef	ldl 0

PC: 0000002f	SP: 00000ffb	A: ffedbed5	B: 00000041	ldl 5

PC: 00000030	SP: 00000ffb	A: 00000041	B: ffedbed5	stnl 1

PC: 00000031	SP: 00000ffb	A: 00000041	B: ffedbed5	ldc 1

PC: 00000032	SP: 00000ffb	A: 00000001	B: 00000041	ldl 1

PC: 00000033	SP: 00000ffb	A: 00000004	B: 00000001	add 0

PC: 00000034	SP: 00000ffb	A: 00000005	B: 00000001	stl 1

PC: 00000035	SP: 00000ffb	A: 00000001	B: 00000001	br -28

PC: 0000001a	SP: 00000ffb	A: 00000001	B: 00000001	ldl 4

PC: 0000001b	SP: 00000ffb	A: 0000000a	B: 00000001	ldl 2

PC: 0000001c	SP: 00000ffb	A: 00000003	B: 0000000a	sub 0

PC: 0000001d	SP: 00000ffb	A: 00000007	B: 0000000a	ldl 1

PC: 0000001e	SP: 00000ffb	A: 00000005	B: 00000007	sub 0

PC: 0000001f	SP: 00000ffb	A: 00000002	B: 00000007	brz 22

PC: 00000020	SP: 00000ffb	A: 00000002	B: 00000007	ldl 5

PC: 00000021	SP: 00000ffb	A: 00000041	B: 00000002	ldnl 0

PC: 00000022	SP: 00000ffb	A: ffadbeef	B: 00000002	ldc 0

PC: 00000023	SP: 00000ffb	A: 00000000	B: ffadbeef	ldnl 1

PC: 00000024	SP: 00000ffb	A: 0000000b	B: ffadbeef	sub 0

PC: 00000025	SP: 00000ffb	A: ffadbee4	B: ffadbeef	brlz 1

PC: 00000027	SP: 00000ffb	A: ffadbee4	B: ffadbeef	ldl 5

PC: 00000028	SP: 00000ffb	A: 00000041	B: ffadbee4	ldnl 0

PC: 00000029	SP: 00000ffb	A: ffadbeef	B: ffadbee4	stl 0

PC: 0000002a	SP: 00000ffb	A: ffadbee4	B: ffadbee4	ldl 5

PC: 0000002b	SP: 00000ffb	A: 00000041	B: ffadbee4	ldnl 1

PC: 0000002c	SP: 00000ffb	A: ffedbed5	B: ffadbee4	ldl 5

PC: 0000002d	SP: 00000ffb	A: 00000041	B: ffedbed5	stnl 0

PC: 0000002e	SP: 00000ffb	A: 00000041	B: ffedbed5	ldl 0

PC: 0000002f	SP: 00000ffb	A: ffadbeef	B: 00000041	ldl 5

PC: 00000030	SP: 00000ffb	A: 00000041	B: ffadbeef	stnl 1

PC: 00000031	SP: 00000ffb	A: 00000041	B: ffadbeef	ldc 1

PC: 00000032	SP: 00000ffb	A: 00000001	B: 00000041	ldl 1

PC: 00000033	SP: 00000ffb	A: 00000005	B: 00000001	add 0

PC: 00000034	SP: 00000ffb	A: 00000006	B: 00000001	stl 1

PC: 00000035	SP: 00000ffb	A: 00000001	B: 00000001	br -28

PC: 0000001a	SP: 00000ffb	A: 00000001	B: 00000001	ldl 4

PC: 0000001b	SP: 00000ffb	A: 0000000a	B: 00000001	ldl 2

PC: 0000001c	SP: 00000ffb	A: 00000003	B: 0000000a	sub 0

PC: 0000001d	SP: 00000ffb	A: 00000007	B: 0000000a	ldl 1

PC: 0000001e	SP: 00000ffb	A: 00000006	B: 00000007	sub 0

PC: 0000001f	SP: 00000ffb	A: 00000001	B: 00000007	brz 22

PC: 00000020	SP: 00000ffb	A: 00000001	B: 00000007	ldl 5

PC: 00000021	SP: 00000ffb	A: 00000041	B: 00000001	ldnl 0

PC: 00000022	SP: 00000ffb	A: ffedbed5	B: 00000001	ldc 0

PC: 00000023	SP: 00000ffb	A: 00000000	B: ffedbed5	ldnl 1

PC: 00000024	SP: 00000ffb	A: 0000000b	B: ffedbed5	sub 0

PC: 00000025	SP: 00000ffb	A: ffedbeca	B: ffedbed5	brlz 1

PC: 00000027	SP: 00000ffb	A: ffedbeca	B: ffedbed5	ldl 5

PC: 00000028	SP: 00000ffb	A: 00000041	B: ffedbeca	ldnl 0

PC: 00000029	SP: 00000ffb	A: ffedbed5	B: ffedbeca	stl 0

PC: 0000002a	SP: 00000ffb	A: ffedbeca	B: ffedbeca	ldl 5

PC: 0000002b	SP: 00000ffb	A: 00000041	B: ffedbeca	ldnl 1

PC: 0000002c	SP: 00000ffb	A: ffadbeef	B: ffedbeca	ldl 5

PC: 0000002d	SP: 00000ffb	A: 00000041	B: ffadbeef	stnl 0

PC: 0000002e	SP: 00000ffb	A: 00000041	B: ffadbeef	ldl 0

PC: 0000002f	SP: 00000ffb	A: ffedbed5	B: 00000041	ldl 5

PC: 00000030	SP: 00000ffb	A: 00000041	B: ffedbed5	stnl 1

PC: 00000031	SP: 00000ffb	A: 00000041	B: ffedbed5	ldc 1

PC: 00000032	SP: 00000ffb	A: 00000001	B: 00000041	ldl 1

PC: 00000033	SP: 00000ffb	A: 00000006	B: 00000001	add 0

PC: 00000034	SP: 00000ffb	A: 00000007	B: 00000001	stl 1

PC: 00000035	SP: 00000ffb	A: 00000001	B: 00000001	br -28

PC: 0000001a	SP: 00000ffb	A: 00000001	B: 00000001	ldl 4

PC: 0000001b	SP: 00000ffb	A: 0000000a	B: 00000001	ldl 2

PC: 0000001c	SP: 00000ffb	A: 00000003	B: 0000000a	sub 0

PC: 0000001d	SP: 00000ffb	A: 00000007	B: 0000000a	ldl 1

PC: 0000001e	SP: 00000ffb	A: 00000007	B: 00000007	sub 0

PC: 0000001f	SP: 00000ffb	A: 00000000	B: 00000007	brz 22

PC: 00000036	SP: 00000ffb	A: 00000000	B: 00000007	ldc 1

PC: 00000037	SP: 00000ffb	A: 00000001	B: 00000000	ldl 2

PC: 00000038	SP: 00000ffb	A: 00000003	B: 00000001	add 0

PC: 00000039	SP: 00000ffb	A: 00000004	B: 00000001	stl 2

PC: 0000003a	SP: 00000ffb	A: 00000001	B: 00000001	ldc 1

PC: 0000003b	SP: 00000ffb	A: 00000001	B: 00000001	ldl 5

PC: 0000003c	SP: 00000ffb	A: 00000041	B: 00000001	add 0

PC: 0000003d	SP: 00000ffb	A: 00000042	B: 00000001	br -44

PC: 00000012	SP: 00000ffb	A: 00000042	B: 00000001	ldl 4

PC: 00000013	SP: 00000ffb	A: 0000000a	B: 00000042	ldl 2

PC: 00000014	SP: 00000ffb	A: 00000004	B: 0000000a	sub 0

PC: 00000015	SP: 00000ffb	A: 00000006	B: 0000000a	ldc 1

PC: 00000016	SP: 00000ffb	A: 00000001	B: 00000006	sub 0

PC: 00000017	SP: 00000ffb	A: 00000005	B: 00000006	brz 38

PC: 00000018	SP: 00000ffb	A: 00000005	B: 00000006	ldc 1

PC: 00000019	SP: 00000ffb	A: 00000001	B: 00000005	stl 1

PC: 0000001a	SP: 00000ffb	A: 00000005	B: 00000005	ldl 4

PC: 0000001b	SP: 00000ffb	A: 0000000a	B: 00000005	ldl 2

PC: 0000001c	SP: 00000ffb	A: 00000004	B: 0000000a	sub 0

PC: 0000001d	SP: 00000ffb	A: 00000006	B: 0000000a	ldl 1

PC: 0000001e	SP: 00000ffb	A: 00000001	B: 00000006	sub 0

PC: 0000001f	SP: 00000ffb	A: 00000005	B: 00000006	brz 22

PC: 00000020	SP: 00000ffb	A: 00000005	B: 00000006	ldl 5

PC: 00000021	SP: 00000ffb	A: 00000041	B: 00000005	ldnl 0

PC: 00000022	SP: 00000ffb	A: ffadbeef	B: 00000005	ldc 0

PC: 00000023	SP: 00000ffb	A: 00000000	B: ffadbeef	ldnl 1

PC: 00000024	SP: 00000ffb	A: 0000000b	B: ffadbeef	sub 0

PC: 00000025	SP: 00000ffb	A: ffadbee4	B: ffadbeef	brlz 1

PC: 00000027	SP: 00000ffb	A: ffadbee4	B: ffadbeef	ldl 5

PC: 00000028	SP: 00000ffb	A: 00000041	B: ffadbee4	ldnl 0

PC: 00000029	SP: 00000ffb	A: ffadbeef	B: ffadbee4	stl 0

PC: 0000002a	SP: 00000ffb	A: ffadbee4	B: ffadbee4	ldl 5

PC: 0000002b	SP: 00000ffb	A: 00000041	B: ffadbee4	ldnl 1

PC: 0000002c	SP: 00000ffb	A: ffedbed5	B: ffadbee4	ldl 5

PC: 0000002d	SP: 00000ffb	A: 00000041	B: ffedbed5	stnl 0

PC: 0000002e	SP: 00000ffb	A: 00000041	B: ffedbed5	ldl 0

PC: 0000002f	SP: 00000ffb	A: ffadbeef	B: 00000041	ldl 5

PC: 00000030	SP: 00000ffb	A: 00000041	B: ffadbeef	stnl 1

PC: 00000031	SP: 00000ffb	A: 00000041	B: ffadbeef	ldc 1

PC: 00000032	SP: 00000ffb	A: 00000001	B: 00000041	ldl 1

PC: 00000033	SP: 00000ffb	A: 00000001	B: 00000001	add 0

PC: 00000034	SP: 00000ffb	A: 00000002	B: 00000001	stl 1

PC: 00000035	SP: 00000ffb	A: 00000001	B: 00000001	br -28

PC: 0000001a	SP: 00000ffb	A: 00000001	B: 00000001	ldl 4

PC: 0000001b	SP: 00000ffb	A: 0000000a	B: 00000001	ldl 2

PC: 0000001c	SP: 00000ffb	A: 00000004	B: 0000000a	sub 0

PC: 0000001d	SP: 00000ffb	A: 00000006	B: 0000000a	ldl 1

PC: 0000001e	SP: 00000ffb	A: 00000002	B: 00000006	sub 0

PC: 0000001f	SP: 00000ffb	A: 00000004	B: 00000006	brz 22

PC: 00000020	SP: 00000ffb	A: 00000004	B: 00000006	ldl 5

PC: 00000021	SP: 00000ffb	A: 00000041	B: 00000004	ldnl 0

PC: 00000022	SP: 00000ffb	A: ffedbed5	B: 00000004	ldc 0

PC: 00000023	SP: 00000ffb	A: 00000000	B: ffedbed5	ldnl 1

PC: 00000024	SP: 00000ffb	A: 0000000b	B: ffedbed5	sub 0

PC: 00000025	SP: 00000ffb	A: ffedbeca	B: ffedbed5	brlz 1

PC: 00000027	SP: 00000ffb	A: ffedbeca	B: ffedbed5	ldl 5

PC: 00000028	SP: 00000ffb	A: 00000041	B: ffedbeca	ldnl 0

PC: 00000029	SP: 00000ffb	A: ffedbed5	B: ffedbeca	stl 0

PC: 0000002a	SP: 00000ffb	A: ffedbeca	B: ffedbeca	ldl 5

PC: 0000002b	SP: 00000ffb	A: 00000041	B: ffedbeca	ldnl 1

PC: 0000002c	SP: 00000ffb	A: ffadbeef	B: ffedbeca	ldl 5

PC: 0000002d	SP: 00000ffb	A: 00000041	B: ffadbeef	stnl 0

PC: 0000002e	SP: 00000ffb	A: 00000041	B: ffadbeef	ldl 0

PC: 0000002f	SP: 00000ffb	A: ffedbed5	B: 00000041	ldl 5

PC: 00000030	SP: 00000ffb	A: 00000041	B: ffedbed5	stnl 1

PC: 00000031	SP: 00000ffb	A: 00000041	B: ffedbed5	ldc 1

PC: 00000032	SP: 00000ffb	A: 00000001	B: 00000041	ldl 1

PC: 00000033	SP: 00000ffb	A: 00000002	B: 00000001	add 0

PC: 00000034	SP: 00000ffb	A: 00000003	B: 00000001	stl 1

PC: 00000035	SP: 00000ffb	A: 00000001	B: 00000001	br -28

PC: 0000001a	SP: 00000ffb	A: 00000001	B: 00000001	ldl 4

PC: 0000001b	SP: 00000ffb	A: 0000000a	B: 00000001	ldl 2

PC: 0000001c	SP: 00000ffb	A: 00000004	B: 0000000a	sub 0

PC: 0000001d	SP: 00000ffb	A: 00000006	B: 0000000a	ldl 1

PC: 0000001e	SP: 00000ffb	A: 00000003	B: 00000006	sub 0

PC: 0000001f	SP: 00000ffb	A: 00000003	B: 00000006	brz 22

PC: 00000020	SP: 00000ffb	A: 00000003	B: 00000006	ldl 5

PC: 00000021	SP: 00000ffb	A: 00000041	B: 00000003	ldnl 0

PC: 00000022	SP: 00000ffb	A: ffadbeef	B: 00000003	ldc 0

PC: 00000023	SP: 00000ffb	A: 00000000	B: ffadbeef	ldnl 1

PC: 00000024	SP: 00000ffb	A: 0000000b	B: ffadbeef	sub 0

PC: 00000025	SP: 00000ffb	A: ffadbee4	B: ffadbeef	brlz 1

PC: 00000027	SP: 00000ffb	A: ffadbee4	B: ffadbeef	ldl 5

PC: 00000028	SP: 00000ffb	A: 00000041	B: ffadbee4	ldnl 0

PC: 00000029	SP: 00000ffb	A: ffadbeef	B: ffadbee4	stl 0

PC: 0000002a	SP: 00000ffb	A: ffadbee4	B: ffadbee4	ldl 5

PC: 0000002b	SP: 00000ffb	A: 00000041	B: ffadbee4	ldnl 1

PC: 0000002c	SP: 00000ffb	A: ffedbed5	B: ffadbee4	ldl 5

PC: 0000002d	SP: 00000ffb	A: 00000041	B: ffedbed5	stnl 0

PC: 0000002e	SP: 00000ffb	A: 00000041	B: ffedbed5	ldl 0

PC: 0000002f	SP: 00000ffb	A: ffadbeef	B: 00000041	ldl 5

PC: 00000030	SP: 00000ffb	A: 00000041	B: ffadbeef	stnl 1

PC: 00000031	SP: 00000ffb	A: 00000041	B: ffadbeef	ldc 1

PC: 00000032	SP: 00000ffb	A: 00000001	B: 00000041	ldl 1

PC: 00000033	SP: 00000ffb	A: 00000003	B: 00000001	add 0

PC: 00000034	SP: 00000ffb	A: 00000004	B: 00000001	stl 1

PC: 00000035	SP: 00000ffb	A: 00000001	B: 00000001	br -28

PC: 0000001a	SP: 00000ffb	A: 00000001	B: 00000001	ldl 4

PC: 0000001b	SP: 00000ffb	A: 0000000a	B: 00000001	ldl 2

PC: 0000001c	SP: 00000ffb	A: 00000004	B: 0000000a	sub 0

PC: 0000001d	SP: 00000ffb	A: 00000006	B: 0000000a	ldl 1

PC: 0000001e	SP: 00000ffb	A: 00000004	B: 00000006	sub 0

PC: 0000001f	SP: 00000ffb	A: 00000002	B: 00000006	brz 22

PC: 00000020	SP: 00000ffb	A: 00000002	B: 00000006	ldl 5

PC: 00000021	SP: 00000ffb	A: 00000041	B: 00000002	ldnl 0

PC: 00000022	SP: 00000ffb	A: ffedbed5	B: 00000002	ldc 0

PC: 00000023	SP: 00000ffb	A: 00000000	B: ffedbed5	ldnl 1

PC: 00000024	SP: 00000ffb	A: 0000000b	B: ffedbed5	sub 0

PC: 00000025	SP: 00000ffb	A: ffedbeca	B: ffedbed5	brlz 1

PC: 00000027	SP: 00000ffb	A: ffedbeca	B: ffedbed5	ldl 5

PC: 00000028	SP: 00000ffb	A: 00000041	B: ffedbeca	ldnl 0

PC: 00000029	SP: 00000ffb	A: ffedbed5	B: ffedbeca	stl 0

PC: 0000002a	SP: 00000ffb	A: ffedbeca	B: ffedbeca	ldl 5

PC: 0000002b	SP: 00000ffb	A: 00000041	B: ffedbeca	ldnl 1

PC: 0000002c	SP: 00000ffb	A: ffadbeef	B: ffedbeca	ldl 5

PC: 0000002d	SP: 00000ffb	A: 00000041	B: ffadbeef	stnl 0

PC: 0000002e	SP: 00000ffb	A: 00000041	B: ffadbeef	ldl 0

PC: 0000002f	SP: 00000ffb	A: ffedbed5	B: 00000041	ldl 5

PC: 00000030	SP: 00000ffb	A: 00000041	B: ffedbed5	stnl 1

PC: 00000031	SP: 00000ffb	A: 00000041	B: ffedbed5	ldc 1

PC: 00000032	SP: 00000ffb	A: 00000001	B: 00000041	ldl 1

PC: 00000033	SP: 00000ffb	A: 00000004	B: 00000001	add 0

PC: 00000034	SP: 00000ffb	A: 00000005	B: 00000001	stl 1

PC: 00000035	SP: 00000ffb	A: 00000001	B: 00000001	br -28

PC: 0000001a	SP: 00000ffb	A: 00000001	B: 00000001	ldl 4

PC: 0000001b	SP: 00000ffb	A: 0000000a	B: 00000001	ldl 2

PC: 0000001c	SP: 00000ffb	A: 00000004	B: 0000000a	sub 0

PC: 0000001d	SP: 00000ffb	A: 00000006	B: 0000000a	ldl 1

PC: 0000001e	SP: 00000ffb	A: 00000005	B: 00000006	sub 0

PC: 0000001f	SP: 00000ffb	A: 00000001	B: 00000006	brz 22

PC: 00000020	SP: 00000ffb	A: 00000001	B: 00000006	ldl 5

PC: 00000021	SP: 00000ffb	A: 00000041	B: 00000001	ldnl 0

PC: 00000022	SP: 00000ffb	A: ffadbeef	B: 00000001	ldc 0

PC: 00000023	SP: 00000ffb	A: 00000000	B: ffadbeef	ldnl 1

PC: 00000024	SP: 00000ffb	A: 0000000b	B: ffadbeef	sub 0

PC: 00000025	SP: 00000ffb	A: ffadbee4	B: ffadbeef	brlz 1

PC: 00000027	SP: 00000ffb	A: ffadbee4	B: ffadbeef	ldl 5

PC: 00000028	SP: 00000ffb	A: 00000041	B: ffadbee4	ldnl 0

PC: 00000029	SP: 00000ffb	A: ffadbeef	B: ffadbee4	stl 0

PC: 0000002a	SP: 00000ffb	A: ffadbee4	B: ffadbee4	ldl 5

PC: 0000002b	SP: 00000ffb	A: 00000041	B: ffadbee4	ldnl 1

PC: 0000002c	SP: 00000ffb	A: ffedbed5	B: ffadbee4	ldl 5

PC: 0000002d	SP: 00000ffb	A: 00000041	B: ffedbed5	stnl 0

PC: 0000002e	SP: 00000ffb	A: 00000041	B: ffedbed5	ldl 0

PC: 0000002f	SP: 00000ffb	A: ffadbeef	B: 00000041	ldl 5

PC: 00000030	SP: 00000ffb	A: 00000041	B: ffadbeef	stnl 1

PC: 00000031	SP: 00000ffb	A: 00000041	B: ffadbeef	ldc 1

PC: 00000032	SP: 00000ffb	A: 00000001	B: 00000041	ldl 1

PC: 00000033	SP: 00000ffb	A: 00000005	B: 00000001	add 0

PC: 00000034	SP: 00000ffb	A: 00000006	B: 00000001	stl 1

PC: 00000035	SP: 00000ffb	A: 00000001	B: 00000001	br -28

PC: 0000001a	SP: 00000ffb	A: 00000001	B: 00000001	ldl 4

PC: 0000001b	SP: 00000ffb	A: 0000000a	B: 00000001	ldl 2

PC: 0000001c	SP: 00000ffb	A: 00000004	B: 0000000a	sub 0

PC: 0000001d	SP: 00000ffb	A: 00000006	B: 0000000a	ldl 1

PC: 0000001e	SP: 00000ffb	A: 00000006	B: 00000006	sub 0

PC: 0000001f	SP: 00000ffb	A: 00000000	B: 00000006	brz 22

PC: 00000036	SP: 00000ffb	A: 00000000	B: 00000006	ldc 1

PC: 00000037	SP: 00000ffb	A: 00000001	B: 00000000	ldl 2

PC: 00000038	SP: 00000ffb	A: 00000004	B: 00000001	add 0

PC: 00000039	SP: 00000ffb	A: 00000005	B: 00000001	stl 2

PC: 0000003a	SP: 00000ffb	A: 00000001	B: 00000001	ldc 1

PC: 0000003b	SP: 00000ffb	A: 00000001	B: 00000001	ldl 5

PC: 0000003c	SP: 00000ffb	A: 00000041	B: 00000001	add 0

PC: 0000003d	SP: 00000ffb	A: 00000042	B: 00000001	br -44

PC: 00000012	SP: 00000ffb	A: 00000042	B: 00000001	ldl 4

PC: 00000013	SP: 00000ffb	A: 0000000a	B: 00000042	ldl 2

PC: 00000014	SP: 00000ffb	A: 00000005	B: 0000000a	sub 0

PC: 00000015	SP: 00000ffb	A: 00000005	B: 0000000a	ldc 1

PC: 00000016	SP: 00000ffb	A: 00000001	B: 00000005	sub 0

PC: 00000017	SP: 00000ffb	A: 00000004	B: 00000005	brz 38

PC: 00000018	SP: 00000ffb	A: 00000004	B: 00000005	ldc 1

PC: 00000019	SP: 00000ffb	A: 00000001	B: 00000004	stl 1

PC: 0000001a	SP: 00000ffb	A: 00000004	B: 00000004	ldl 4

PC: 0000001b	SP: 00000ffb	A: 0000000a	B: 00000004	ldl 2

PC: 0000001c	SP: 00000ffb	A: 00000005	B: 0000000a	sub 0

PC: 0000001d	SP: 00000ffb	A: 00000005	B: 0000000a	ldl 1

PC: 0000001e	SP: 00000ffb	A: 00000001	B: 00000005	sub 0

PC: 0000001f	SP: 00000ffb	A: 00000004	B: 00000005	brz 22

PC: 00000020	SP: 00000ffb	A: 00000004	B: 00000005	ldl 5

PC: 00000021	SP: 00000ffb	A: 00000041	B: 00000004	ldnl 0

PC: 00000022	SP: 00000ffb	A: ffedbed5	B: 00000004	ldc 0

PC: 00000023	SP: 00000ffb	A: 00000000	B: ffedbed5	ldnl 1

PC: 00000024	SP: 00000ffb	A: 0000000b	B: ffedbed5	sub 0

PC: 00000025	SP: 00000ffb	A: ffedbeca	B: ffedbed5	brlz 1

PC: 00000027	SP: 00000ffb	A: ffedbeca	B: ffedbed5	ldl 5

PC: 00000028	SP: 00000ffb	A: 00000041	B: ffedbeca	ldnl 0

PC: 00000029	SP: 00000ffb	A: ffedbed5	B: ffedbeca	stl 0

PC: 0000002a	SP: 00000ffb	A: ffedbeca	B: ffedbeca	ldl 5

PC: 0000002b	SP: 00000ffb	A: 00000041	B: ffedbeca	ldnl 1

PC: 0000002c	SP: 00000ffb	A: ffadbeef	B: ffedbeca	ldl 5

PC: 0000002d	SP: 00000ffb	A: 00000041	B: ffadbeef	stnl 0

PC: 0000002e	SP: 00000ffb	A: 00000041	B: ffadbeef	ldl 0

PC: 0000002f	SP: 00000ffb	A: ffedbed5	B: 00000041	ldl 5

PC: 00000030	SP: 00000ffb	A: 00000041	B: ffedbed5	stnl 1

PC: 00000031	SP: 00000ffb	A: 00000041	B: ffedbed5	ldc 1

PC: 00000032	SP: 00000ffb	A: 00000001	B: 00000041	ldl 1

PC: 00000033	SP: 00000ffb	A: 00000001	B: 00000001	add 0

PC: 00000034	SP: 00000ffb	A: 00000002	B: 00000001	stl 1

PC: 00000035	SP: 00000ffb	A: 00000001	B: 00000001	br -28

PC: 0000001a	SP: 00000ffb	A: 00000001	B: 00000001	ldl 4

PC: 0000001b	SP: 00000ffb	A: 0000000a	B: 00000001	ldl 2

PC: 0000001c	SP: 00000ffb	A: 00000005	B: 0000000a	sub 0

PC: 0000001d	SP: 00000ffb	A: 00000005	B: 0000000a	ldl 1

PC: 0000001e	SP: 00000ffb	A: 00000002	B: 00000005	sub 0

PC: 0000001f	SP: 00000ffb	A: 00000003	B: 00000005	brz 22

PC: 00000020	SP: 00000ffb	A: 00000003	B: 00000005	ldl 5

PC: 00000021	SP: 00000ffb	A: 00000041	B: 00000003	ldnl 0

PC: 00000022	SP: 00000ffb	A: ffadbeef	B: 00000003	ldc 0

PC: 00000023	SP: 00000ffb	A: 00000000	B: ffadbeef	ldnl 1

PC: 00000024	SP: 00000ffb	A: 0000000b	B: ffadbeef	sub 0

PC: 00000025	SP: 00000ffb	A: ffadbee4	B: ffadbeef	brlz 1

PC: 00000027	SP: 00000ffb	A: ffadbee4	B: ffadbeef	ldl 5

PC: 00000028	SP: 00000ffb	A: 00000041	B: ffadbee4	ldnl 0

PC: 00000029	SP: 00000ffb	A: ffadbeef	B: ffadbee4	stl 0

PC: 0000002a	SP: 00000ffb	A: ffadbee4	B: ffadbee4	ldl 5

PC: 0000002b	SP: 00000ffb	A: 00000041	B: ffadbee4	ldnl 1

PC: 0000002c	SP: 00000ffb	A: ffedbed5	B: ffadbee4	ldl 5

PC: 0000002d	SP: 00000ffb	A: 00000041	B: ffedbed5	stnl 0

PC: 0000002e	SP: 00000ffb	A: 00000041	B: ffedbed5	ldl 0

PC: 0000002f	SP: 00000ffb	A: ffadbeef	B: 00000041	ldl 5

PC: 00000030	SP: 00000ffb	A: 00000041	B: ffadbeef	stnl 1

PC: 00000031	SP: 00000ffb	A: 00000041	B: ffadbeef	ldc 1

PC: 00000032	SP: 00000ffb	A: 00000001	B: 00000041	ldl 1

PC: 00000033	SP: 00000ffb	A: 00000002	B: 00000001	add 0

PC: 00000034	SP: 00000ffb	A: 00000003	B: 00000001	stl 1

PC: 00000035	SP: 00000ffb	A: 00000001	B: 00000001	br -28

PC: 0000001a	SP: 00000ffb	A: 00000001	B: 00000001	ldl 4

PC: 0000001b	SP: 00000ffb	A: 0000000a	B: 00000001	ldl 2

PC: 0000001c	SP: 00000ffb	A: 00000005	B: 0000000a	sub 0

PC: 0000001d	SP: 00000ffb	A: 00000005	B: 0000000a	ldl 1

PC: 0000001e	SP: 00000ffb	A: 00000003	B: 00000005	sub 0

PC: 0000001f	SP: 00000ffb	A: 00000002	B: 00000005	brz 22

PC: 00000020	SP: 00000ffb	A: 00000002	B: 00000005	ldl 5

PC: 00000021	SP: 00000ffb	A: 00000041	B: 00000002	ldnl 0

PC: 00000022	SP: 00000ffb	A: ffedbed5	B: 00000002	ldc 0

PC: 00000023	SP: 00000ffb	A: 00000000	B: ffedbed5	ldnl 1

PC: 00000024	SP: 00000ffb	A: 0000000b	B: ffedbed5	sub 0

PC: 00000025	SP: 00000ffb	A: ffedbeca	B: ffedbed5	brlz 1

PC: 00000027	SP: 00000ffb	A: ffedbeca	B: ffedbed5	ldl 5

PC: 00000028	SP: 00000ffb	A: 00000041	B: ffedbeca	ldnl 0

PC: 00000029	SP: 00000ffb	A: ffedbed5	B: ffedbeca	stl 0

PC: 0000002a	SP: 00000ffb	A: ffedbeca	B: ffedbeca	ldl 5

PC: 0000002b	SP: 00000ffb	A: 00000041	B: ffedbeca	ldnl 1

PC: 0000002c	SP: 00000ffb	A: ffadbeef	B: ffedbeca	ldl 5

PC: 0000002d	SP: 00000ffb	A: 00000041	B: ffadbeef	stnl 0

PC: 0000002e	SP: 00000ffb	A: 00000041	B: ffadbeef	ldl 0

PC: 0000002f	SP: 00000ffb	A: ffedbed5	B: 00000041	ldl 5

PC: 00000030	SP: 00000ffb	A: 00000041	B: ffedbed5	stnl 1

PC: 00000031	SP: 00000ffb	A: 00000041	B: ffedbed5	ldc 1

PC: 00000032	SP: 00000ffb	A: 00000001	B: 00000041	ldl 1

PC: 00000033	SP: 00000ffb	A: 00000003	B: 00000001	add 0

PC: 00000034	SP: 00000ffb	A: 00000004	B: 00000001	stl 1

PC: 00000035	SP: 00000ffb	A: 00000001	B: 00000001	br -28

PC: 0000001a	SP: 00000ffb	A: 00000001	B: 00000001	ldl 4

PC: 0000001b	SP: 00000ffb	A: 0000000a	B: 00000001	ldl 2

PC: 0000001c	SP: 00000ffb	A: 00000005	B: 0000000a	sub 0

PC: 0000001d	SP: 00000ffb	A: 00000005	B: 0000000a	ldl 1

PC: 0000001e	SP: 00000ffb	A: 00000004	B: 00000005	sub 0

PC: 0000001f	SP: 00000ffb	A: 00000001	B: 00000005	brz 22

PC: 00000020	SP: 00000ffb	A: 00000001	B: 00000005	ldl 5

PC: 00000021	SP: 00000ffb	A: 00000041	B: 00000001	ldnl 0

PC: 00000022	SP: 00000ffb	A: ffadbeef	B: 00000001	ldc 0

PC: 00000023	SP: 00000ffb	A: 00000000	B: ffadbeef	ldnl 1

PC: 00000024	SP: 00000ffb	A: 0000000b	B: ffadbeef	sub 0

PC: 00000025	SP: 00000ffb	A: ffadbee4	B: ffadbeef	brlz 1

PC: 00000027	SP: 00000ffb	A: ffadbee4	B: ffadbeef	ldl 5

PC: 00000028	SP: 00000ffb	A: 00000041	B: ffadbee4	ldnl 0

PC: 00000029	SP: 00000ffb	A: ffadbeef	B: ffadbee4	stl 0

PC: 0000002a	SP: 00000ffb	A: ffadbee4	B: ffadbee4	ldl 5

PC: 0000002b	SP: 00000ffb	A: 00000041	B: ffadbee4	ldnl 1

PC: 0000002c	SP: 00000ffb	A: ffedbed5	B: ffadbee4	ldl 5

PC: 0000002d	SP: 00000ffb	A: 00000041	B: ffedbed5	stnl 0

PC: 0000002e	SP: 00000ffb	A: 00000041	B: ffedbed5	ldl 0

PC: 0000002f	SP: 00000ffb	A: ffadbeef	B: 00000041	ldl 5

PC: 00000030	SP: 00000ffb	A: 00000041	B: ffadbeef	stnl 1

PC: 00000031	SP: 00000ffb	A: 00000041	B: ffadbeef	ldc 1

PC: 00000032	SP: 00000ffb	A: 00000001	B: 00000041	ldl 1

PC: 00000033	SP: 00000ffb	A: 00000004	B: 00000001	add 0

PC: 00000034	SP: 00000ffb	A: 00000005	B: 00000001	stl 1

PC: 00000035	SP: 00000ffb	A: 00000001	B: 00000001	br -28

PC: 0000001a	SP: 00000ffb	A: 00000001	B: 00000001	ldl 4

PC: 0000001b	SP: 00000ffb	A: 0000000a	B: 00000001	ldl 2

PC: 0000001c	SP: 00000ffb	A: 00000005	B: 0000000a	sub 0

PC: 0000001d	SP: 00000ffb	A: 00000005	B: 0000000a	ldl 1

PC: 0000001e	SP: 00000ffb	A: 00000005	B: 00000005	sub 0

PC: 0000001f	SP: 00000ffb	A: 00000000	B: 00000005	brz 22

PC: 00000036	SP: 00000ffb	A: 00000000	B: 00000005	ldc 1

PC: 00000037	SP: 00000ffb	A: 00000001	B: 00000000	ldl 2

PC: 00000038	SP: 00000ffb	A: 00000005	B: 00000001	add 0

PC: 00000039	SP: 00000ffb	A: 00000006	B: 00000001	stl 2

PC: 0000003a	SP: 00000ffb	A: 00000001	B: 00000001	ldc 1

PC: 0000003b	SP: 00000ffb	A: 00000001	B: 00000001	ldl 5

PC: 0000003c	SP: 00000ffb	A: 00000041	B: 00000001	add 0

PC: 0000003d	SP: 00000ffb	A: 00000042	B: 00000001	br -44

PC: 00000012	SP: 00000ffb	A: 00000042	B: 00000001	ldl 4

PC: 00000013	SP: 00000ffb	A: 0000000a	B: 00000042	ldl 2

PC: 00000014	SP: 00000ffb	A: 00000006	B: 0000000a	sub 0

PC: 00000015	SP: 00000ffb	A: 00000004	B: 0000000a	ldc 1

PC: 00000016	SP: 00000ffb	A: 00000001	B: 00000004	sub 0

PC: 00000017	SP: 00000ffb	A: 00000003	B: 00000004	brz 38

PC: 00000018	SP: 00000ffb	A: 00000003	B: 00000004	ldc 1

PC: 00000019	SP: 00000ffb	A: 00000001	B: 00000003	stl 1

PC: 0000001a	SP: 00000ffb	A: 00000003	B: 00000003	ldl 4

PC: 0000001b	SP: 00000ffb	A: 0000000a	B: 00000003	ldl 2

PC: 0000001c	SP: 00000ffb	A: 00000006	B: 0000000a	sub 0

PC: 0000001d	SP: 00000ffb	A: 00000004	B: 0000000a	ldl 1

PC: 0000001e	SP: 00000ffb	A: 00000001	B: 00000004	sub 0

PC: 0000001f	SP: 00000ffb	A: 00000003	B: 00000004	brz 22

PC: 00000020	SP: 00000ffb	A: 00000003	B: 00000004	ldl 5

PC: 00000021	SP: 00000ffb	A: 00000041	B: 00000003	ldnl 0

PC: 00000022	SP: 00000ffb	A: ffedbed5	B: 00000003	ldc 0

PC: 00000023	SP: 00000ffb	A: 00000000	B: ffedbed5	ldnl 1

PC: 00000024	SP: 00000ffb	A: 0000000b	B: ffedbed5	sub 0

PC: 00000025	SP: 00000ffb	A: ffedbeca	B: ffedbed5	brlz 1

PC: 00000027	SP: 00000ffb	A: ffedbeca	B: ffedbed5	ldl 5

PC: 00000028	SP: 00000ffb	A: 00000041	B: ffedbeca	ldnl 0

PC: 00000029	SP: 00000ffb	A: ffedbed5	B: ffedbeca	stl 0

PC: 0000002a	SP: 00000ffb	A: ffedbeca	B: ffedbeca	ldl 5

PC: 0000002b	SP: 00000ffb	A: 00000041	B: ffedbeca	ldnl 1

PC: 0000002c	SP: 00000ffb	A: ffadbeef	B: ffedbeca	ldl 5

PC: 0000002d	SP: 00000ffb	A: 00000041	B: ffadbeef	stnl 0

PC: 0000002e	SP: 00000ffb	A: 00000041	B: ffadbeef	ldl 0

PC: 0000002f	SP: 00000ffb	A: ffedbed5	B: 00000041	ldl 5

PC: 00000030	SP: 00000ffb	A: 00000041	B: ffedbed5	stnl 1

PC: 00000031	SP: 00000ffb	A: 00000041	B: ffedbed5	ldc 1

PC: 00000032	SP: 00000ffb	A: 00000001	B: 00000041	ldl 1

PC: 00000033	SP: 00000ffb	A: 00000001	B: 00000001	add 0

PC: 00000034	SP: 00000ffb	A: 00000002	B: 00000001	stl 1

PC: 00000035	SP: 00000ffb	A: 00000001	B: 00000001	br -28

PC: 0000001a	SP: 00000ffb	A: 00000001	B: 00000001	ldl 4

PC: 0000001b	SP: 00000ffb	A: 0000000a	B: 00000001	ldl 2

PC: 0000001c	SP: 00000ffb	A: 00000006	B: 0000000a	sub 0

PC: 0000001d	SP: 00000ffb	A: 00000004	B: 0000000a	ldl 1

PC: 0000001e	SP: 00000ffb	A: 00000002	B: 00000004	sub 0

PC: 0000001f	SP: 00000ffb	A: 00000002	B: 00000004	brz 22

PC: 00000020	SP: 00000ffb	A: 00000002	B: 00000004	ldl 5

PC: 00000021	SP: 00000ffb	A: 00000041	B: 00000002	ldnl 0

PC: 00000022	SP: 00000ffb	A: ffadbeef	B: 00000002	ldc 0

PC: 00000023	SP: 00000ffb	A: 00000000	B: ffadbeef	ldnl 1

PC: 00000024	SP: 00000ffb	A: 0000000b	B: ffadbeef	sub 0

PC: 00000025	SP: 00000ffb	A: ffadbee4	B: ffadbeef	brlz 1

PC: 00000027	SP: 00000ffb	A: ffadbee4	B: ffadbeef	ldl 5

PC: 00000028	SP: 00000ffb	A: 00000041	B: ffadbee4	ldnl 0

PC: 00000029	SP: 00000ffb	A: ffadbeef	B: ffadbee4	stl 0

PC: 0000002a	SP: 00000ffb	A: ffadbee4	B: ffadbee4	ldl 5

PC: 0000002b	SP: 00000ffb	A: 00000041	B: ffadbee4	ldnl 1

PC: 0000002c	SP: 00000ffb	A: ffedbed5	B: ffadbee4	ldl 5

PC: 0000002d	SP: 00000ffb	A: 00000041	B: ffedbed5	stnl 0

PC: 0000002e	SP: 00000ffb	A: 00000041	B: ffedbed5	ldl 0

PC: 0000002f	SP: 00000ffb	A: ffadbeef	B: 00000041	ldl 5

PC: 00000030	SP: 00000ffb	A: 00000041	B: ffadbeef	stnl 1

PC: 00000031	SP: 00000ffb	A: 00000041	B: ffadbeef	ldc 1

PC: 00000032	SP: 00000ffb	A: 00000001	B: 00000041	ldl 1

PC: 00000033	SP: 00000ffb	A: 00000002	B: 00000001	add 0

PC: 00000034	SP: 00000ffb	A: 00000003	B: 00000001	stl 1

PC: 00000035	SP: 00000ffb	A: 00000001	B: 00000001	br -28

PC: 0000001a	SP: 00000ffb	A: 00000001	B: 00000001	ldl 4

PC: 0000001b	SP: 00000ffb	A: 0000000a	B: 00000001	ldl 2

PC: 0000001c	SP: 00000ffb	A: 00000006	B: 0000000a	sub 0

PC: 0000001d	SP: 00000ffb	A: 00000004	B: 0000000a	ldl 1

PC: 0000001e	SP: 00000ffb	A: 00000003	B: 00000004	sub 0

PC: 0000001f	SP: 00000ffb	A: 00000001	B: 00000004	brz 22

PC: 00000020	SP: 00000ffb	A: 00000001	B: 00000004	ldl 5

PC: 00000021	SP: 00000ffb	A: 00000041	B: 00000001	ldnl 0

PC: 00000022	SP: 00000ffb	A: ffedbed5	B: 00000001	ldc 0

PC: 00000023	SP: 00000ffb	A: 00000000	B: ffedbed5	ldnl 1

PC: 00000024	SP: 00000ffb	A: 0000000b	B: ffedbed5	sub 0

PC: 00000025	SP: 00000ffb	A: ffedbeca	B: ffedbed5	brlz 1

PC: 00000027	SP: 00000ffb	A: ffedbeca	B: ffedbed5	ldl 5

PC: 00000028	SP: 00000ffb	A: 00000041	B: ffedbeca	ldnl 0

PC: 00000029	SP: 00000ffb	A: ffedbed5	B: ffedbeca	stl 0

PC: 0000002a	SP: 00000ffb	A: ffedbeca	B: ffedbeca	ldl 5

PC: 0000002b	SP: 00000ffb	A: 00000041	B: ffedbeca	ldnl 1

PC: 0000002c	SP: 00000ffb	A: ffadbeef	B: ffedbeca	ldl 5

PC: 0000002d	SP: 00000ffb	A: 00000041	B: ffadbeef	stnl 0

PC: 0000002e	SP: 00000ffb	A: 00000041	B: ffadbeef	ldl 0

PC: 0000002f	SP: 00000ffb	A: ffedbed5	B: 00000041	ldl 5

PC: 00000030	SP: 00000ffb	A: 00000041	B: ffedbed5	stnl 1

PC: 00000031	SP: 00000ffb	A: 00000041	B: ffedbed5	ldc 1

PC: 00000032	SP: 00000ffb	A: 00000001	B: 00000041	ldl 1

PC: 00000033	SP: 00000ffb	A: 00000003	B: 00000001	add 0

PC: 00000034	SP: 00000ffb	A: 00000004	B: 00000001	stl 1

PC: 00000035	SP: 00000ffb	A: 00000001	B: 00000001	br -28

PC: 0000001a	SP: 00000ffb	A: 00000001	B: 00000001	ldl 4

PC: 0000001b	SP: 00000ffb	A: 0000000a	B: 00000001	ldl 2

PC: 0000001c	SP: 00000ffb	A: 00000006	B: 0000000a	sub 0

PC: 0000001d	SP: 00000ffb	A: 00000004	B: 0000000a	ldl 1

PC: 0000001e	SP: 00000ffb	A: 00000004	B: 00000004	sub 0

PC: 0000001f	SP: 00000ffb	A: 00000000	B: 00000004	brz 22

PC: 00000036	SP: 00000ffb	A: 00000000	B: 00000004	ldc 1

PC: 00000037	SP: 00000ffb	A: 00000001	B: 00000000	ldl 2

PC: 00000038	SP: 00000ffb	A: 00000006	B: 00000001	add 0

PC: 00000039	SP: 00000ffb	A: 00000007	B: 00000001	stl 2

PC: 0000003a	SP: 00000ffb	A: 00000001	B: 00000001	ldc 1

PC: 0000003b	SP: 00000ffb	A: 00000001	B: 00000001	ldl 5

PC: 0000003c	SP: 00000ffb	A: 00000041	B: 00000001	add 0

PC: 0000003d	SP: 00000ffb	A: 00000042	B: 00000001	br -44

PC: 00000012	SP: 00000ffb	A: 00000042	B: 00000001	ldl 4

PC: 00000013	SP: 00000ffb	A: 0000000a	B: 00000042	ldl 2

PC: 00000014	SP: 00000ffb	A: 00000007	B: 0000000a	sub 0

PC: 00000015	SP: 00000ffb	A: 00000003	B: 0000000a	ldc 1

PC: 00000016	SP: 00000ffb	A: 00000001	B: 00000003	sub 0

PC: 00000017	SP: 00000ffb	A: 00000002	B: 00000003	brz 38

PC: 00000018	SP: 00000ffb	A: 00000002	B: 00000003	ldc 1

PC: 00000019	SP: 00000ffb	A: 00000001	B: 00000002	stl 1

PC: 0000001a	SP: 00000ffb	A: 00000002	B: 00000002	ldl 4

PC: 0000001b	SP: 00000ffb	A: 0000000a	B: 00000002	ldl 2

PC: 0000001c	SP: 00000ffb	A: 00000007	B: 0000000a	sub 0

PC: 0000001d	SP: 00000ffb	A: 00000003	B: 0000000a	ldl 1

PC: 0000001e	SP: 00000ffb	A: 00000001	B: 00000003	sub 0

PC: 0000001f	SP: 00000ffb	A: 00000002	B: 00000003	brz 22

PC: 00000020	SP: 00000ffb	A: 00000002	B: 00000003	ldl 5

PC: 00000021	SP: 00000ffb	A: 00000041	B: 00000002	ldnl 0

PC: 00000022	SP: 00000ffb	A: ffadbeef	B: 00000002	ldc 0

PC: 00000023	SP: 00000ffb	A: 00000000	B: ffadbeef	ldnl 1

PC: 00000024	SP: 00000ffb	A: 0000000b	B: ffadbeef	sub 0

PC: 00000025	SP: 00000ffb	A: ffadbee4	B: ffadbeef	brlz 1

PC: 00000027	SP: 00000ffb	A: ffadbee4	B: ffadbeef	ldl 5

PC: 00000028	SP: 00000ffb	A: 00000041	B: ffadbee4	ldnl 0

PC: 00000029	SP: 00000ffb	A: ffadbeef	B: ffadbee4	stl 0

PC: 0000002a	SP: 00000ffb	A: ffadbee4	B: ffadbee4	ldl 5

PC: 0000002b	SP: 00000ffb	A: 00000041	B: ffadbee4	ldnl 1

PC: 0000002c	SP: 00000ffb	A: ffedbed5	B: ffadbee4	ldl 5

PC: 0000002d	SP: 00000ffb	A: 00000041	B: ffedbed5	stnl 0

PC: 0000002e	SP: 00000ffb	A: 00000041	B: ffedbed5	ldl 0

PC: 0000002f	SP: 00000ffb	A: ffadbeef	B: 00000041	ldl 5

PC: 00000030	SP: 00000ffb	A: 00000041	B: ffadbeef	stnl 1

PC: 00000031	SP: 00000ffb	A: 00000041	B: ffadbeef	ldc 1

PC: 00000032	SP: 00000ffb	A: 00000001	B: 00000041	ldl 1

PC: 00000033	SP: 00000ffb	A: 00000001	B: 00000001	add 0

PC: 00000034	SP: 00000ffb	A: 00000002	B: 00000001	stl 1

PC: 00000035	SP: 00000ffb	A: 00000001	B: 00000001	br -28

PC: 0000001a	SP: 00000ffb	A: 00000001	B: 00000001	ldl 4

PC: 0000001b	SP: 00000ffb	A: 0000000a	B: 00000001	ldl 2

PC: 0000001c	SP: 00000ffb	A: 00000007	B: 0000000a	sub 0

PC: 0000001d	SP: 00000ffb	A: 00000003	B: 0000000a	ldl 1

PC: 0000001e	SP: 00000ffb	A: 00000002	B: 00000003	sub 0

PC: 0000001f	SP: 00000ffb	A: 00000001	B: 00000003	brz 22

PC: 00000020	SP: 00000ffb	A: 00000001	B: 00000003	ldl 5

PC: 00000021	SP: 00000ffb	A: 00000041	B: 00000001	ldnl 0

PC: 00000022	SP: 00000ffb	A: ffedbed5	B: 00000001	ldc 0

PC: 00000023	SP: 00000ffb	A: 00000000	B: ffedbed5	ldnl 1

PC: 00000024	SP: 00000ffb	A: 0000000b	B: ffedbed5	sub 0

PC: 00000025	SP: 00000ffb	A: ffedbeca	B: ffedbed5	brlz 1

PC: 00000027	SP: 00000ffb	A: ffedbeca	B: ffedbed5	ldl 5

PC: 00000028	SP: 00000ffb	A: 00000041	B: ffedbeca	ldnl 0

PC: 00000029	SP: 00000ffb	A: ffedbed5	B: ffedbeca	stl 0

PC: 0000002a	SP: 00000ffb	A: ffedbeca	B: ffedbeca	ldl 5

PC: 0000002b	SP: 00000ffb	A: 00000041	B: ffedbeca	ldnl 1

PC: 0000002c	SP: 00000ffb	A: ffadbeef	B: ffedbeca	ldl 5

PC: 0000002d	SP: 00000ffb	A: 00000041	B: ffadbeef	stnl 0

PC: 0000002e	SP: 00000ffb	A: 00000041	B: ffadbeef	ldl 0

PC: 0000002f	SP: 00000ffb	A: ffedbed5	B: 00000041	ldl 5

PC: 00000030	SP: 00000ffb	A: 00000041	B: ffedbed5	stnl 1

PC: 00000031	SP: 00000ffb	A: 00000041	B: ffedbed5	ldc 1

PC: 00000032	SP: 00000ffb	A: 00000001	B: 00000041	ldl 1

PC: 00000033	SP: 00000ffb	A: 00000002	B: 00000001	add 0

PC: 00000034	SP: 00000ffb	A: 00000003	B: 00000001	stl 1

PC: 00000035	SP: 00000ffb	A: 00000001	B: 00000001	br -28

PC: 0000001a	SP: 00000ffb	A: 00000001	B: 00000001	ldl 4

PC: 0000001b	SP: 00000ffb	A: 0000000a	B: 00000001	ldl 2

PC: 0000001c	SP: 00000ffb	A: 00000007	B: 0000000a	sub 0

PC: 0000001d	SP: 00000ffb	A: 00000003	B: 0000000a	ldl 1

PC: 0000001e	SP: 00000ffb	A: 00000003	B: 00000003	sub 0

PC: 0000001f	SP: 00000ffb	A: 00000000	B: 00000003	brz 22

PC: 00000036	SP: 00000ffb	A: 00000000	B: 00000003	ldc 1

PC: 00000037	SP: 00000ffb	A: 00000001	B: 00000000	ldl 2

PC: 00000038	SP: 00000ffb	A: 00000007	B: 00000001	add 0

PC: 00000039	SP: 00000ffb	A: 00000008	B: 00000001	stl 2

PC: 0000003a	SP: 00000ffb	A: 00000001	B: 00000001	ldc 1

PC: 0000003b	SP: 00000ffb	A: 00000001	B: 00000001	ldl 5

PC: 0000003c	SP: 00000ffb	A: 00000041	B: 00000001	add 0

PC: 0000003d	SP: 00000ffb	A: 00000042	B: 00000001	br -44

PC: 00000012	SP: 00000ffb	A: 00000042	B: 00000001	ldl 4

PC: 00000013	SP: 00000ffb	A: 0000000a	B: 00000042	ldl 2

PC: 00000014	SP: 00000ffb	A: 00000008	B: 0000000a	sub 0

PC: 00000015	SP: 00000ffb	A: 00000002	B: 0000000a	ldc 1

PC: 00000016	SP: 00000ffb	A: 00000001	B: 00000002	sub 0

PC: 00000017	SP: 00000ffb	A: 00000001	B: 00000002	brz 38

PC: 00000018	SP: 00000ffb	A: 00000001	B: 00000002	ldc 1

PC: 00000019	SP: 00000ffb	A: 00000001	B: 00000001	stl 1

PC: 0000001a	SP: 00000ffb	A: 00000001	B: 00000001	ldl 4

PC: 0000001b	SP: 00000ffb	A: 0000000a	B: 00000001	ldl 2

PC: 0000001c	SP: 00000ffb	A: 00000008	B: 0000000a	sub 0

PC: 0000001d	SP: 00000ffb	A: 00000002	B: 0000000a	ldl 1

PC: 0000001e	SP: 00000ffb	A: 00000001	B: 00000002	sub 0

PC: 0000001f	SP: 00000ffb	A: 00000001	B: 00000002	brz 22

PC: 00000020	SP: 00000ffb	A: 00000001	B: 00000002	ldl 5

PC: 00000021	SP: 00000ffb	A: 00000041	B: 00000001	ldnl 0

PC: 00000022	SP: 00000ffb	A: ffadbeef	B: 00000001	ldc 0

PC: 00000023	SP: 00000ffb	A: 00000000	B: ffadbeef	ldnl 1

PC: 00000024	SP: 00000ffb	A: 0000000b	B: ffadbeef	sub 0

PC: 00000025	SP: 00000ffb	A: ffadbee4	B: ffadbeef	brlz 1

PC: 00000027	SP: 00000ffb	A: ffadbee4	B: ffadbeef	ldl 5

PC: 00000028	SP: 00000ffb	A: 00000041	B: ffadbee4	ldnl 0

PC: 00000029	SP: 00000ffb	A: ffadbeef	B: ffadbee4	stl 0

PC: 0000002a	SP: 00000ffb	A: ffadbee4	B: ffadbee4	ldl 5

PC: 0000002b	SP: 00000ffb	A: 00000041	B: ffadbee4	ldnl 1

PC: 0000002c	SP: 00000ffb	A: ffedbed5	B: ffadbee4	ldl 5

PC: 0000002d	SP: 00000ffb	A: 00000041	B: ffedbed5	stnl 0

PC: 0000002e	SP: 00000ffb	A: 00000041	B: ffedbed5	ldl 0

PC: 0000002f	SP: 00000ffb	A: ffadbeef	B: 00000041	ldl 5

PC: 00000030	SP: 00000ffb	A: 00000041	B: ffadbeef	stnl 1

PC: 00000031	SP: 00000ffb	A: 00000041	B: ffadbeef	ldc 1

PC: 00000032	SP: 00000ffb	A: 00000001	B: 00000041	ldl 1

PC: 00000033	SP: 00000ffb	A: 00000001	B: 00000001	add 0

PC: 00000034	SP: 00000ffb	A: 00000002	B: 00000001	stl 1

PC: 00000035	SP: 00000ffb	A: 00000001	B: 00000001	br -28

PC: 0000001a	SP: 00000ffb	A: 00000001	B: 00000001	ldl 4

PC: 0000001b	SP: 00000ffb	A: 0000000a	B: 00000001	ldl 2

PC: 0000001c	SP: 00000ffb	A: 00000008	B: 0000000a	sub 0

PC: 0000001d	SP: 00000ffb	A: 00000002	B: 0000000a	ldl 1

PC: 0000001e	SP: 00000ffb	A: 00000002	B: 00000002	sub 0

PC: 0000001f	SP: 00000ffb	A: 00000000	B: 00000002	brz 22

PC: 00000036	SP: 00000ffb	A: 00000000	B: 00000002	ldc 1

PC: 00000037	SP: 00000ffb	A: 00000001	B: 00000000	ldl 2

PC: 00000038	SP: 00000ffb	A: 00000008	B: 00000001	add 0

PC: 00000039	SP: 00000ffb	A: 00000009	B: 00000001	stl 2

PC: 0000003a	SP: 00000ffb	A: 00000001	B: 00000001	ldc 1

PC: 0000003b	SP: 00000ffb	A: 00000001	B: 00000001	ldl 5

PC: 0000003c	SP: 00000ffb	A: 00000041	B: 00000001	add 0

PC: 0000003d	SP: 00000ffb	A: 00000042	B: 00000001	br -44

PC: 00000012	SP: 00000ffb	A: 00000042	B: 00000001	ldl 4

PC: 00000013	SP: 00000ffb	A: 0000000a	B: 00000042	ldl 2

PC: 00000014	SP: 00000ffb	A: 00000009	B: 0000000a	sub 0

PC: 00000015	SP: 00000ffb	A: 00000001	B: 0000000a	ldc 1

PC: 00000016	SP: 00000ffb	A: 00000001	B: 00000001	sub 0

PC: 00000017	SP: 00000ffb	A: 00000000	B: 00000001	brz 38

PC: 0000003e	SP: 00000ffb	A: 00000000	B: 00000001	ldl 3

PC: 0000003f	SP: 00000ffb	A: 00000006	B: 00000000	adj 5

PC: 00000040	SP: 00001000	A: 00000006	B: 00000000	return 0

PC: 00000007	SP: 00001000	A: 00000000	B: 00000000	HALT 0

Dumping from memory

00000000	00100000 00100000 0000000b ffffff0a 00000a00 

00000004	00000003 00000003 00004100 0000010d 00000012 

00000008	ffffff0a ffffff0a 00000003 00000203 fffffd0a 

0000000c	00000000 00000000 00000003 00000100 00000103 

00000010	00000000 00000000 00000203 00000402 00000202 

00000014	00000007 00000007 00000100 00000007 0000260f 

00000018	00000100 00000100 00000103 00000402 00000202 

0000001c	00000007 00000007 00000102 00000007 0000160f 

00000020	00000502 00000502 00000004 00000000 00000104 

00000024	00000007 00000007 00000110 00000a11 00000502 

00000028	00000004 00000004 00000003 00000502 00000104 

0000002c	00000502 00000502 00000005 00000002 00000502 

00000030	00000105 00000105 00000100 00000102 00000006 

00000034	00000103 00000103 ffffe411 00000100 00000202 

00000038	00000006 00000006 00000203 00000100 00000502 

0000003c	00000006 00000006 ffffd411 00000302 0000050a 

00000040	0000000e 0000000e ffedbed5 ffadbeef ffedbabe 

00000044	ffaf00d5 ffaf00d5 005c155a 005caded ffedface 

00000048	ffc0f00d ffc0f00d ffcea5ed fffabed5 